[0.090s] DEBUG:colcon:Command line arguments: ['/usr/bin/colcon', 'build']
[0.090s] DEBUG:colcon:Parsed command line arguments: Namespace(log_base=None, log_level=None, verb_name='build', build_base='build', install_base='install', merge_install=False, symlink_install=False, test_result_base=None, continue_on_error=False, executor='parallel', parallel_workers=16, event_handlers=None, ignore_user_meta=False, metas=['./colcon.meta'], base_paths=['.'], packages_ignore=None, packages_ignore_regex=None, paths=None, packages_up_to=None, packages_up_to_regex=None, packages_above=None, packages_above_and_dependencies=None, packages_above_depth=None, packages_select_by_dep=None, packages_skip_by_dep=None, packages_skip_up_to=None, packages_select_build_failed=False, packages_skip_build_finished=False, packages_select_test_failures=False, packages_skip_test_passed=False, packages_select=None, packages_skip=None, packages_select_regex=None, packages_skip_regex=None, packages_start=None, packages_end=None, cmake_args=None, cmake_target=None, cmake_target_skip_unavailable=False, cmake_clean_cache=False, cmake_clean_first=False, cmake_force_configure=False, ament_cmake_args=None, catkin_cmake_args=None, catkin_skip_building_tests=False, verb_parser=<colcon_defaults.argument_parser.defaults.DefaultArgumentsDecorator object at 0x7f903651eb70>, verb_extension=<colcon_core.verb.build.BuildVerb object at 0x7f903651e9c0>, main=<bound method BuildVerb.main of <colcon_core.verb.build.BuildVerb object at 0x7f903651e9c0>>)
[0.121s] Level 1:colcon.colcon_core.package_discovery:discover_packages(colcon_meta) check parameters
[0.121s] Level 1:colcon.colcon_core.package_discovery:discover_packages(recursive) check parameters
[0.121s] Level 1:colcon.colcon_core.package_discovery:discover_packages(ignore) check parameters
[0.121s] Level 1:colcon.colcon_core.package_discovery:discover_packages(path) check parameters
[0.121s] Level 1:colcon.colcon_core.package_discovery:discover_packages(colcon_meta) discover
[0.121s] Level 1:colcon.colcon_core.package_discovery:discover_packages(recursive) discover
[0.121s] INFO:colcon.colcon_core.package_discovery:Crawling recursively for packages in '/home/riplab/GIT/lidar_ws/src/rf2o_laser_odometry'
[0.121s] Level 1:colcon.colcon_core.package_identification:_identify(.) by extensions ['ignore', 'ignore_ament_install']
[0.121s] Level 1:colcon.colcon_core.package_identification:_identify(.) by extension 'ignore'
[0.121s] Level 1:colcon.colcon_core.package_identification:_identify(.) by extension 'ignore_ament_install'
[0.122s] Level 1:colcon.colcon_core.package_identification:_identify(.) by extensions ['colcon_pkg']
[0.122s] Level 1:colcon.colcon_core.package_identification:_identify(.) by extension 'colcon_pkg'
[0.122s] Level 1:colcon.colcon_core.package_identification:_identify(.) by extensions ['colcon_meta']
[0.122s] Level 1:colcon.colcon_core.package_identification:_identify(.) by extension 'colcon_meta'
[0.122s] Level 1:colcon.colcon_core.package_identification:_identify(.) by extensions ['ros']
[0.122s] Level 1:colcon.colcon_core.package_identification:_identify(.) by extension 'ros'
[0.145s] DEBUG:colcon.colcon_core.package_identification:Package '.' with type 'ros.ament_cmake' and name 'rf2o_laser_odometry'
[0.145s] Level 1:colcon.colcon_core.package_discovery:discover_packages(recursive) using defaults
[0.145s] Level 1:colcon.colcon_core.package_discovery:discover_packages(ignore) discover
[0.145s] Level 1:colcon.colcon_core.package_discovery:discover_packages(ignore) using defaults
[0.145s] Level 1:colcon.colcon_core.package_discovery:discover_packages(path) discover
[0.145s] Level 1:colcon.colcon_core.package_discovery:discover_packages(path) using defaults
[0.159s] Level 5:colcon.colcon_core.verb:set package 'rf2o_laser_odometry' build argument 'cmake_args' from command line to 'None'
[0.159s] Level 5:colcon.colcon_core.verb:set package 'rf2o_laser_odometry' build argument 'cmake_target' from command line to 'None'
[0.159s] Level 5:colcon.colcon_core.verb:set package 'rf2o_laser_odometry' build argument 'cmake_target_skip_unavailable' from command line to 'False'
[0.159s] Level 5:colcon.colcon_core.verb:set package 'rf2o_laser_odometry' build argument 'cmake_clean_cache' from command line to 'False'
[0.159s] Level 5:colcon.colcon_core.verb:set package 'rf2o_laser_odometry' build argument 'cmake_clean_first' from command line to 'False'
[0.159s] Level 5:colcon.colcon_core.verb:set package 'rf2o_laser_odometry' build argument 'cmake_force_configure' from command line to 'False'
[0.159s] Level 5:colcon.colcon_core.verb:set package 'rf2o_laser_odometry' build argument 'ament_cmake_args' from command line to 'None'
[0.159s] Level 5:colcon.colcon_core.verb:set package 'rf2o_laser_odometry' build argument 'catkin_cmake_args' from command line to 'None'
[0.159s] Level 5:colcon.colcon_core.verb:set package 'rf2o_laser_odometry' build argument 'catkin_skip_building_tests' from command line to 'False'
[0.159s] DEBUG:colcon.colcon_core.verb:Building package 'rf2o_laser_odometry' with the following arguments: {'ament_cmake_args': None, 'build_base': '/home/riplab/GIT/lidar_ws/src/rf2o_laser_odometry/build/rf2o_laser_odometry', 'catkin_cmake_args': None, 'catkin_skip_building_tests': False, 'cmake_args': None, 'cmake_clean_cache': False, 'cmake_clean_first': False, 'cmake_force_configure': False, 'cmake_target': None, 'cmake_target_skip_unavailable': False, 'install_base': '/home/riplab/GIT/lidar_ws/src/rf2o_laser_odometry/install/rf2o_laser_odometry', 'merge_install': False, 'path': '/home/riplab/GIT/lidar_ws/src/rf2o_laser_odometry', 'symlink_install': False, 'test_result_base': None}
[0.159s] INFO:colcon.colcon_core.executor:Executing jobs using 'parallel' executor
[0.161s] DEBUG:colcon.colcon_parallel_executor.executor.parallel:run_until_complete
[0.161s] INFO:colcon.colcon_ros.task.ament_cmake.build:Building ROS package in '/home/riplab/GIT/lidar_ws/src/rf2o_laser_odometry' with build type 'ament_cmake'
[0.161s] INFO:colcon.colcon_cmake.task.cmake.build:Building CMake package in '/home/riplab/GIT/lidar_ws/src/rf2o_laser_odometry'
[0.163s] INFO:colcon.colcon_core.plugin_system:Skipping extension 'colcon_core.shell.bat': Not used on non-Windows systems
[0.163s] DEBUG:colcon.colcon_core.shell:Skip shell extension 'dsv' for command environment
[0.174s] DEBUG:colcon.colcon_core.event_handler.log_command:Invoking command in '/home/riplab/GIT/lidar_ws/src/rf2o_laser_odometry/build/rf2o_laser_odometry': CMAKE_PREFIX_PATH=${CMAKE_PREFIX_PATH}:/opt/ros/jazzy DEBUGINFOD_URLS=https://debuginfod.ubuntu.com /usr/bin/cmake --build /home/riplab/GIT/lidar_ws/src/rf2o_laser_odometry/build/rf2o_laser_odometry -- -j16 -l16
[12.151s] DEBUG:colcon.colcon_core.event_handler.log_command:Invoked command in '/home/riplab/GIT/lidar_ws/src/rf2o_laser_odometry/build/rf2o_laser_odometry' returned '0': CMAKE_PREFIX_PATH=${CMAKE_PREFIX_PATH}:/opt/ros/jazzy DEBUGINFOD_URLS=https://debuginfod.ubuntu.com /usr/bin/cmake --build /home/riplab/GIT/lidar_ws/src/rf2o_laser_odometry/build/rf2o_laser_odometry -- -j16 -l16
[12.159s] DEBUG:colcon.colcon_core.event_handler.log_command:Invoking command in '/home/riplab/GIT/lidar_ws/src/rf2o_laser_odometry/build/rf2o_laser_odometry': CMAKE_PREFIX_PATH=${CMAKE_PREFIX_PATH}:/opt/ros/jazzy DEBUGINFOD_URLS=https://debuginfod.ubuntu.com /usr/bin/cmake --install /home/riplab/GIT/lidar_ws/src/rf2o_laser_odometry/build/rf2o_laser_odometry
[12.178s] Level 1:colcon.colcon_core.environment:create_environment_scripts_only(rf2o_laser_odometry)
[12.179s] DEBUG:colcon.colcon_core.event_handler.log_command:Invoked command in '/home/riplab/GIT/lidar_ws/src/rf2o_laser_odometry/build/rf2o_laser_odometry' returned '0': CMAKE_PREFIX_PATH=${CMAKE_PREFIX_PATH}:/opt/ros/jazzy DEBUGINFOD_URLS=https://debuginfod.ubuntu.com /usr/bin/cmake --install /home/riplab/GIT/lidar_ws/src/rf2o_laser_odometry/build/rf2o_laser_odometry
[12.180s] Level 1:colcon.colcon_core.environment:checking '/home/riplab/GIT/lidar_ws/src/rf2o_laser_odometry/install/rf2o_laser_odometry' for CMake module files
[12.181s] Level 1:colcon.colcon_core.environment:checking '/home/riplab/GIT/lidar_ws/src/rf2o_laser_odometry/install/rf2o_laser_odometry' for CMake config files
[12.181s] Level 1:colcon.colcon_core.shell:create_environment_hook('rf2o_laser_odometry', 'cmake_prefix_path')
[12.181s] INFO:colcon.colcon_core.shell:Creating environment descriptor '/home/riplab/GIT/lidar_ws/src/rf2o_laser_odometry/install/rf2o_laser_odometry/share/rf2o_laser_odometry/hook/cmake_prefix_path.dsv'
[12.182s] INFO:colcon.colcon_core.shell:Creating environment hook '/home/riplab/GIT/lidar_ws/src/rf2o_laser_odometry/install/rf2o_laser_odometry/share/rf2o_laser_odometry/hook/cmake_prefix_path.sh'
[12.182s] Level 1:colcon.colcon_core.environment:checking '/home/riplab/GIT/lidar_ws/src/rf2o_laser_odometry/install/rf2o_laser_odometry/lib'
[12.182s] Level 1:colcon.colcon_core.environment:checking '/home/riplab/GIT/lidar_ws/src/rf2o_laser_odometry/install/rf2o_laser_odometry/bin'
[12.182s] Level 1:colcon.colcon_core.environment:checking '/home/riplab/GIT/lidar_ws/src/rf2o_laser_odometry/install/rf2o_laser_odometry/lib/pkgconfig/rf2o_laser_odometry.pc'
[12.184s] Level 1:colcon.colcon_core.environment:checking '/home/riplab/GIT/lidar_ws/src/rf2o_laser_odometry/install/rf2o_laser_odometry/lib/python3.12/site-packages'
[12.184s] Level 1:colcon.colcon_core.environment:checking '/home/riplab/GIT/lidar_ws/src/rf2o_laser_odometry/install/rf2o_laser_odometry/bin'
[12.184s] INFO:colcon.colcon_core.shell:Creating package descriptor '/home/riplab/GIT/lidar_ws/src/rf2o_laser_odometry/install/rf2o_laser_odometry/share/rf2o_laser_odometry/package.dsv'
[12.185s] INFO:colcon.colcon_core.shell:Creating package script '/home/riplab/GIT/lidar_ws/src/rf2o_laser_odometry/install/rf2o_laser_odometry/share/rf2o_laser_odometry/package.sh'
[12.185s] INFO:colcon.colcon_core.shell:Creating package script '/home/riplab/GIT/lidar_ws/src/rf2o_laser_odometry/install/rf2o_laser_odometry/share/rf2o_laser_odometry/package.bash'
[12.186s] INFO:colcon.colcon_core.shell:Creating package script '/home/riplab/GIT/lidar_ws/src/rf2o_laser_odometry/install/rf2o_laser_odometry/share/rf2o_laser_odometry/package.zsh'
[12.186s] Level 1:colcon.colcon_core.environment:create_file_with_runtime_dependencies(/home/riplab/GIT/lidar_ws/src/rf2o_laser_odometry/install/rf2o_laser_odometry/share/colcon-core/packages/rf2o_laser_odometry)
[12.187s] Level 1:colcon.colcon_core.environment:create_environment_scripts_only(rf2o_laser_odometry)
[12.187s] Level 1:colcon.colcon_core.environment:checking '/home/riplab/GIT/lidar_ws/src/rf2o_laser_odometry/install/rf2o_laser_odometry' for CMake module files
[12.187s] Level 1:colcon.colcon_core.environment:checking '/home/riplab/GIT/lidar_ws/src/rf2o_laser_odometry/install/rf2o_laser_odometry' for CMake config files
[12.187s] Level 1:colcon.colcon_core.shell:create_environment_hook('rf2o_laser_odometry', 'cmake_prefix_path')
[12.187s] INFO:colcon.colcon_core.shell:Creating environment descriptor '/home/riplab/GIT/lidar_ws/src/rf2o_laser_odometry/install/rf2o_laser_odometry/share/rf2o_laser_odometry/hook/cmake_prefix_path.dsv'
[12.188s] INFO:colcon.colcon_core.shell:Creating environment hook '/home/riplab/GIT/lidar_ws/src/rf2o_laser_odometry/install/rf2o_laser_odometry/share/rf2o_laser_odometry/hook/cmake_prefix_path.sh'
[12.188s] Level 1:colcon.colcon_core.environment:checking '/home/riplab/GIT/lidar_ws/src/rf2o_laser_odometry/install/rf2o_laser_odometry/lib'
[12.188s] Level 1:colcon.colcon_core.environment:checking '/home/riplab/GIT/lidar_ws/src/rf2o_laser_odometry/install/rf2o_laser_odometry/bin'
[12.188s] Level 1:colcon.colcon_core.environment:checking '/home/riplab/GIT/lidar_ws/src/rf2o_laser_odometry/install/rf2o_laser_odometry/lib/pkgconfig/rf2o_laser_odometry.pc'
[12.189s] Level 1:colcon.colcon_core.environment:checking '/home/riplab/GIT/lidar_ws/src/rf2o_laser_odometry/install/rf2o_laser_odometry/lib/python3.12/site-packages'
[12.189s] Level 1:colcon.colcon_core.environment:checking '/home/riplab/GIT/lidar_ws/src/rf2o_laser_odometry/install/rf2o_laser_odometry/bin'
[12.189s] INFO:colcon.colcon_core.shell:Creating package descriptor '/home/riplab/GIT/lidar_ws/src/rf2o_laser_odometry/install/rf2o_laser_odometry/share/rf2o_laser_odometry/package.dsv'
[12.189s] INFO:colcon.colcon_core.shell:Creating package script '/home/riplab/GIT/lidar_ws/src/rf2o_laser_odometry/install/rf2o_laser_odometry/share/rf2o_laser_odometry/package.sh'
[12.189s] INFO:colcon.colcon_core.shell:Creating package script '/home/riplab/GIT/lidar_ws/src/rf2o_laser_odometry/install/rf2o_laser_odometry/share/rf2o_laser_odometry/package.bash'
[12.190s] INFO:colcon.colcon_core.shell:Creating package script '/home/riplab/GIT/lidar_ws/src/rf2o_laser_odometry/install/rf2o_laser_odometry/share/rf2o_laser_odometry/package.zsh'
[12.190s] Level 1:colcon.colcon_core.environment:create_file_with_runtime_dependencies(/home/riplab/GIT/lidar_ws/src/rf2o_laser_odometry/install/rf2o_laser_odometry/share/colcon-core/packages/rf2o_laser_odometry)
[12.190s] DEBUG:colcon.colcon_parallel_executor.executor.parallel:closing loop
[12.191s] DEBUG:colcon.colcon_parallel_executor.executor.parallel:loop closed
[12.191s] DEBUG:colcon.colcon_parallel_executor.executor.parallel:run_until_complete finished with '0'
[12.191s] DEBUG:colcon.colcon_core.event_reactor:joining thread
[12.195s] INFO:colcon.colcon_core.plugin_system:Skipping extension 'colcon_notification.desktop_notification.terminal_notifier': Not used on non-Darwin systems
[12.195s] INFO:colcon.colcon_core.plugin_system:Skipping extension 'colcon_notification.desktop_notification.win32': Not used on non-Windows systems
[12.195s] INFO:colcon.colcon_notification.desktop_notification:Sending desktop notification using 'notify2'
[12.206s] DEBUG:colcon.colcon_core.event_reactor:joined thread
[12.206s] INFO:colcon.colcon_core.shell:Creating prefix script '/home/riplab/GIT/lidar_ws/src/rf2o_laser_odometry/install/local_setup.sh'
[12.207s] INFO:colcon.colcon_core.shell:Creating prefix util module '/home/riplab/GIT/lidar_ws/src/rf2o_laser_odometry/install/_local_setup_util_sh.py'
[12.208s] INFO:colcon.colcon_core.shell:Creating prefix chain script '/home/riplab/GIT/lidar_ws/src/rf2o_laser_odometry/install/setup.sh'
[12.209s] INFO:colcon.colcon_core.shell:Creating prefix script '/home/riplab/GIT/lidar_ws/src/rf2o_laser_odometry/install/local_setup.bash'
[12.209s] INFO:colcon.colcon_core.shell:Creating prefix chain script '/home/riplab/GIT/lidar_ws/src/rf2o_laser_odometry/install/setup.bash'
[12.210s] INFO:colcon.colcon_core.shell:Creating prefix script '/home/riplab/GIT/lidar_ws/src/rf2o_laser_odometry/install/local_setup.zsh'
[12.210s] INFO:colcon.colcon_core.shell:Creating prefix chain script '/home/riplab/GIT/lidar_ws/src/rf2o_laser_odometry/install/setup.zsh'
