[0.015s] Invoking command in '/home/riplab/GIT/lidar_ws/build/lidar_launch': CMAKE_PREFIX_PATH=${CMAKE_PREFIX_PATH}:/opt/ros/jazzy DEBUGINFOD_URLS=https://debuginfod.ubuntu.com /usr/bin/cmake /home/riplab/GIT/lidar_ws/src/lidar_launch -DCMAKE_INSTALL_PREFIX=/home/riplab/GIT/lidar_ws/install/lidar_launch
[0.065s] -- The C compiler identification is GNU 13.3.0
[0.117s] -- The CXX compiler identification is GNU 13.3.0
[0.130s] -- Detecting C compiler ABI info
[0.198s] -- Detecting C compiler ABI info - done
[0.207s] -- Check for working C compiler: /usr/bin/cc - skipped
[0.207s] -- Detecting C compile features
[0.208s] -- Detecting C compile features - done
[0.215s] -- Detecting CXX compiler ABI info
[0.290s] -- Detecting CXX compiler ABI info - done
[0.299s] -- Check for working CXX compiler: /usr/bin/c++ - skipped
[0.299s] -- Detecting CXX compile features
[0.299s] -- Detecting CXX compile features - done
[0.303s] -- Found ament_cmake: 2.5.3 (/opt/ros/jazzy/share/ament_cmake/cmake)
[0.422s] -- Found Python3: /usr/bin/python3 (found version "3.12.3") found components: Interpreter 
[0.520s] -- Found ament_lint_auto: 0.17.2 (/opt/ros/jazzy/share/ament_lint_auto/cmake)
[0.606s] -- Added test 'flake8' to check Python code syntax and style conventions
[0.606s] -- Configured 'flake8' exclude dirs and/or files: 
[0.607s] -- Added test 'lint_cmake' to check CMake code style
[0.607s] -- Added test 'pep257' to check Python code against some of the docstring style conventions in PEP 257
[0.608s] -- Added test 'xmllint' to check XML markup files
[0.609s] -- Configuring done (0.6s)
[0.612s] -- Generating done (0.0s)
[0.613s] -- Build files have been written to: /home/riplab/GIT/lidar_ws/build/lidar_launch
[0.617s] Invoked command in '/home/riplab/GIT/lidar_ws/build/lidar_launch' returned '0': CMAKE_PREFIX_PATH=${CMAKE_PREFIX_PATH}:/opt/ros/jazzy DEBUGINFOD_URLS=https://debuginfod.ubuntu.com /usr/bin/cmake /home/riplab/GIT/lidar_ws/src/lidar_launch -DCMAKE_INSTALL_PREFIX=/home/riplab/GIT/lidar_ws/install/lidar_launch
[0.617s] Invoking command in '/home/riplab/GIT/lidar_ws/build/lidar_launch': CMAKE_PREFIX_PATH=${CMAKE_PREFIX_PATH}:/opt/ros/jazzy DEBUGINFOD_URLS=https://debuginfod.ubuntu.com /usr/bin/cmake --build /home/riplab/GIT/lidar_ws/build/lidar_launch -- -j16 -l16
[0.648s] Invoked command in '/home/riplab/GIT/lidar_ws/build/lidar_launch' returned '0': CMAKE_PREFIX_PATH=${CMAKE_PREFIX_PATH}:/opt/ros/jazzy DEBUGINFOD_URLS=https://debuginfod.ubuntu.com /usr/bin/cmake --build /home/riplab/GIT/lidar_ws/build/lidar_launch -- -j16 -l16
[0.648s] Invoking command in '/home/riplab/GIT/lidar_ws/build/lidar_launch': CMAKE_PREFIX_PATH=${CMAKE_PREFIX_PATH}:/opt/ros/jazzy DEBUGINFOD_URLS=https://debuginfod.ubuntu.com /usr/bin/cmake --install /home/riplab/GIT/lidar_ws/build/lidar_launch
[0.655s] -- Install configuration: ""
[0.655s] -- Installing: /home/riplab/GIT/lidar_ws/install/lidar_launch/share/ament_index/resource_index/package_run_dependencies/lidar_launch
[0.655s] -- Installing: /home/riplab/GIT/lidar_ws/install/lidar_launch/share/ament_index/resource_index/parent_prefix_path/lidar_launch
[0.655s] -- Installing: /home/riplab/GIT/lidar_ws/install/lidar_launch/share/lidar_launch/environment/ament_prefix_path.sh
[0.655s] -- Installing: /home/riplab/GIT/lidar_ws/install/lidar_launch/share/lidar_launch/environment/ament_prefix_path.dsv
[0.656s] -- Installing: /home/riplab/GIT/lidar_ws/install/lidar_launch/share/lidar_launch/environment/path.sh
[0.656s] -- Installing: /home/riplab/GIT/lidar_ws/install/lidar_launch/share/lidar_launch/environment/path.dsv
[0.656s] -- Installing: /home/riplab/GIT/lidar_ws/install/lidar_launch/share/lidar_launch/local_setup.bash
[0.656s] -- Installing: /home/riplab/GIT/lidar_ws/install/lidar_launch/share/lidar_launch/local_setup.sh
[0.656s] -- Installing: /home/riplab/GIT/lidar_ws/install/lidar_launch/share/lidar_launch/local_setup.zsh
[0.656s] -- Installing: /home/riplab/GIT/lidar_ws/install/lidar_launch/share/lidar_launch/local_setup.dsv
[0.656s] -- Installing: /home/riplab/GIT/lidar_ws/install/lidar_launch/share/lidar_launch/package.dsv
[0.656s] -- Installing: /home/riplab/GIT/lidar_ws/install/lidar_launch/share/ament_index/resource_index/packages/lidar_launch
[0.657s] -- Installing: /home/riplab/GIT/lidar_ws/install/lidar_launch/share/lidar_launch/cmake/lidar_launchConfig.cmake
[0.657s] -- Installing: /home/riplab/GIT/lidar_ws/install/lidar_launch/share/lidar_launch/cmake/lidar_launchConfig-version.cmake
[0.657s] -- Installing: /home/riplab/GIT/lidar_ws/install/lidar_launch/share/lidar_launch/package.xml
[0.659s] Invoked command in '/home/riplab/GIT/lidar_ws/build/lidar_launch' returned '0': CMAKE_PREFIX_PATH=${CMAKE_PREFIX_PATH}:/opt/ros/jazzy DEBUGINFOD_URLS=https://debuginfod.ubuntu.com /usr/bin/cmake --install /home/riplab/GIT/lidar_ws/build/lidar_launch
