[0.018s] Invoking command in '/home/riplab/GIT/lidar_ws/build/lidar_launch': CMAKE_PREFIX_PATH=${CMAKE_PREFIX_PATH}:/opt/ros/jazzy DEBUGINFOD_URLS=https://debuginfod.ubuntu.com /usr/bin/cmake --build /home/riplab/GIT/lidar_ws/build/lidar_launch -- -j16 -l16
[0.054s] Invoked command in '/home/riplab/GIT/lidar_ws/build/lidar_launch' returned '0': CMAKE_PREFIX_PATH=${CMAKE_PREFIX_PATH}:/opt/ros/jazzy DEBUGINFOD_URLS=https://debuginfod.ubuntu.com /usr/bin/cmake --build /home/riplab/GIT/lidar_ws/build/lidar_launch -- -j16 -l16
[0.061s] Invoking command in '/home/riplab/GIT/lidar_ws/build/lidar_launch': CMAKE_PREFIX_PATH=${CMAKE_PREFIX_PATH}:/opt/ros/jazzy DEBUGINFOD_URLS=https://debuginfod.ubuntu.com /usr/bin/cmake --install /home/riplab/GIT/lidar_ws/build/lidar_launch
[0.068s] -- Install configuration: ""
[0.069s] -- Up-to-date: /home/riplab/GIT/lidar_ws/install/lidar_launch/share/ament_index/resource_index/package_run_dependencies/lidar_launch
[0.069s] -- Up-to-date: /home/riplab/GIT/lidar_ws/install/lidar_launch/share/ament_index/resource_index/parent_prefix_path/lidar_launch
[0.069s] -- Up-to-date: /home/riplab/GIT/lidar_ws/install/lidar_launch/share/lidar_launch/environment/ament_prefix_path.sh
[0.069s] -- Up-to-date: /home/riplab/GIT/lidar_ws/install/lidar_launch/share/lidar_launch/environment/ament_prefix_path.dsv
[0.069s] -- Up-to-date: /home/riplab/GIT/lidar_ws/install/lidar_launch/share/lidar_launch/environment/path.sh
[0.069s] -- Up-to-date: /home/riplab/GIT/lidar_ws/install/lidar_launch/share/lidar_launch/environment/path.dsv
[0.069s] -- Up-to-date: /home/riplab/GIT/lidar_ws/install/lidar_launch/share/lidar_launch/local_setup.bash
[0.069s] -- Up-to-date: /home/riplab/GIT/lidar_ws/install/lidar_launch/share/lidar_launch/local_setup.sh
[0.069s] -- Up-to-date: /home/riplab/GIT/lidar_ws/install/lidar_launch/share/lidar_launch/local_setup.zsh
[0.069s] -- Up-to-date: /home/riplab/GIT/lidar_ws/install/lidar_launch/share/lidar_launch/local_setup.dsv
[0.069s] -- Up-to-date: /home/riplab/GIT/lidar_ws/install/lidar_launch/share/lidar_launch/package.dsv
[0.069s] -- Up-to-date: /home/riplab/GIT/lidar_ws/install/lidar_launch/share/ament_index/resource_index/packages/lidar_launch
[0.070s] -- Up-to-date: /home/riplab/GIT/lidar_ws/install/lidar_launch/share/lidar_launch/cmake/lidar_launchConfig.cmake
[0.070s] -- Up-to-date: /home/riplab/GIT/lidar_ws/install/lidar_launch/share/lidar_launch/cmake/lidar_launchConfig-version.cmake
[0.070s] -- Up-to-date: /home/riplab/GIT/lidar_ws/install/lidar_launch/share/lidar_launch/package.xml
[0.071s] Invoked command in '/home/riplab/GIT/lidar_ws/build/lidar_launch' returned '0': CMAKE_PREFIX_PATH=${CMAKE_PREFIX_PATH}:/opt/ros/jazzy DEBUGINFOD_URLS=https://debuginfod.ubuntu.com /usr/bin/cmake --install /home/riplab/GIT/lidar_ws/build/lidar_launch
