[0.009s] Invoking command in '/home/riplab/GIT/lidar_ws/build/rf2o_laser_odometry': CMAKE_PREFIX_PATH=${CMAKE_PREFIX_PATH}:/opt/ros/jazzy DEBUGINFOD_URLS=https://debuginfod.ubuntu.com /usr/bin/cmake --build /home/riplab/GIT/lidar_ws/build/rf2o_laser_odometry -- -j16 -l16
[0.053s] [ 40%] Built target rf2o_laser_odometry
[0.055s] [ 60%] [32mBuilding CXX object CMakeFiles/rf2o_laser_odometry_node.dir/src/CLaserOdometry2DNode.cpp.o[0m
[9.937s] [ 80%] [32m[1mLinking CXX executable rf2o_laser_odometry_node[0m
[10.572s] [100%] Built target rf2o_laser_odometry_node
[10.580s] Invoked command in '/home/riplab/GIT/lidar_ws/build/rf2o_laser_odometry' returned '0': CMAKE_PREFIX_PATH=${CMAKE_PREFIX_PATH}:/opt/ros/jazzy DEBUGINFOD_URLS=https://debuginfod.ubuntu.com /usr/bin/cmake --build /home/riplab/GIT/lidar_ws/build/rf2o_laser_odometry -- -j16 -l16
[10.587s] Invoking command in '/home/riplab/GIT/lidar_ws/build/rf2o_laser_odometry': CMAKE_PREFIX_PATH=${CMAKE_PREFIX_PATH}:/opt/ros/jazzy DEBUGINFOD_URLS=https://debuginfod.ubuntu.com /usr/bin/cmake --install /home/riplab/GIT/lidar_ws/build/rf2o_laser_odometry
[10.593s] -- Install configuration: ""
[10.594s] -- Installing: /home/riplab/GIT/lidar_ws/install/rf2o_laser_odometry/lib/rf2o_laser_odometry/rf2o_laser_odometry_node
[10.604s] -- Set non-toolchain portion of runtime path of "/home/riplab/GIT/lidar_ws/install/rf2o_laser_odometry/lib/rf2o_laser_odometry/rf2o_laser_odometry_node" to ""
[10.604s] -- Up-to-date: /home/riplab/GIT/lidar_ws/install/rf2o_laser_odometry/share/rf2o_laser_odometry/launch
[10.604s] -- Up-to-date: /home/riplab/GIT/lidar_ws/install/rf2o_laser_odometry/share/rf2o_laser_odometry/launch/rf2o_laser_odometry.launch.py
[10.604s] -- Up-to-date: /home/riplab/GIT/lidar_ws/install/rf2o_laser_odometry/share/ament_index/resource_index/package_run_dependencies/rf2o_laser_odometry
[10.605s] -- Up-to-date: /home/riplab/GIT/lidar_ws/install/rf2o_laser_odometry/share/ament_index/resource_index/parent_prefix_path/rf2o_laser_odometry
[10.605s] -- Up-to-date: /home/riplab/GIT/lidar_ws/install/rf2o_laser_odometry/share/rf2o_laser_odometry/environment/ament_prefix_path.sh
[10.605s] -- Up-to-date: /home/riplab/GIT/lidar_ws/install/rf2o_laser_odometry/share/rf2o_laser_odometry/environment/ament_prefix_path.dsv
[10.605s] -- Up-to-date: /home/riplab/GIT/lidar_ws/install/rf2o_laser_odometry/share/rf2o_laser_odometry/environment/path.sh
[10.605s] -- Up-to-date: /home/riplab/GIT/lidar_ws/install/rf2o_laser_odometry/share/rf2o_laser_odometry/environment/path.dsv
[10.605s] -- Up-to-date: /home/riplab/GIT/lidar_ws/install/rf2o_laser_odometry/share/rf2o_laser_odometry/local_setup.bash
[10.605s] -- Up-to-date: /home/riplab/GIT/lidar_ws/install/rf2o_laser_odometry/share/rf2o_laser_odometry/local_setup.sh
[10.605s] -- Up-to-date: /home/riplab/GIT/lidar_ws/install/rf2o_laser_odometry/share/rf2o_laser_odometry/local_setup.zsh
[10.605s] -- Up-to-date: /home/riplab/GIT/lidar_ws/install/rf2o_laser_odometry/share/rf2o_laser_odometry/local_setup.dsv
[10.605s] -- Installing: /home/riplab/GIT/lidar_ws/install/rf2o_laser_odometry/share/rf2o_laser_odometry/package.dsv
[10.605s] -- Up-to-date: /home/riplab/GIT/lidar_ws/install/rf2o_laser_odometry/share/ament_index/resource_index/packages/rf2o_laser_odometry
[10.605s] -- Up-to-date: /home/riplab/GIT/lidar_ws/install/rf2o_laser_odometry/share/rf2o_laser_odometry/cmake/rf2o_laser_odometryConfig.cmake
[10.605s] -- Up-to-date: /home/riplab/GIT/lidar_ws/install/rf2o_laser_odometry/share/rf2o_laser_odometry/cmake/rf2o_laser_odometryConfig-version.cmake
[10.606s] -- Up-to-date: /home/riplab/GIT/lidar_ws/install/rf2o_laser_odometry/share/rf2o_laser_odometry/package.xml
[10.606s] Invoked command in '/home/riplab/GIT/lidar_ws/build/rf2o_laser_odometry' returned '0': CMAKE_PREFIX_PATH=${CMAKE_PREFIX_PATH}:/opt/ros/jazzy DEBUGINFOD_URLS=https://debuginfod.ubuntu.com /usr/bin/cmake --install /home/riplab/GIT/lidar_ws/build/rf2o_laser_odometry
