[0.009s] Invoking command in '/home/riplab/GIT/lidar_ws/build/urg_node': CMAKE_PREFIX_PATH=${CMAKE_PREFIX_PATH}:/opt/ros/jazzy DEBUGINFOD_URLS=https://debuginfod.ubuntu.com /usr/bin/cmake /home/riplab/GIT/lidar_ws/src/urg_node -DCMAKE_INSTALL_PREFIX=/home/riplab/GIT/lidar_ws/install/urg_node
[0.136s] -- The C compiler identification is GNU 13.3.0
[0.207s] -- The CXX compiler identification is GNU 13.3.0
[0.228s] -- Detecting C compiler ABI info
[0.343s] -- Detecting C compiler ABI info - done
[0.359s] -- Check for working C compiler: /usr/bin/cc - skipped
[0.359s] -- Detecting C compile features
[0.360s] -- Detecting C compile features - done
[0.373s] -- Detecting CXX compiler ABI info
[0.514s] -- Detecting CXX compiler ABI info - done
[0.527s] -- Check for working CXX compiler: /usr/bin/c++ - skipped
[0.527s] -- Detecting CXX compile features
[0.528s] -- Detecting CXX compile features - done
[0.541s] -- Found ament_cmake: 2.5.3 (/opt/ros/jazzy/share/ament_cmake/cmake)
[0.682s] -- Found Python3: /usr/bin/python3 (found version "3.12.3") found components: Interpreter 
[0.808s] -- Found Boost: /usr/lib/x86_64-linux-gnu/cmake/Boost-1.83.0/BoostConfig.cmake (found version "1.83.0")  
[0.814s] -- Found diagnostic_updater: 4.2.2 (/opt/ros/jazzy/share/diagnostic_updater/cmake)
[0.874s] -- Found rosidl_generator_c: 4.6.5 (/opt/ros/jazzy/share/rosidl_generator_c/cmake)
[0.889s] -- Found rosidl_generator_cpp: 4.6.5 (/opt/ros/jazzy/share/rosidl_generator_cpp/cmake)
[0.911s] -- Using all available rosidl_typesupport_c: rosidl_typesupport_fastrtps_c;rosidl_typesupport_introspection_c
[0.931s] -- Using all available rosidl_typesupport_cpp: rosidl_typesupport_fastrtps_cpp;rosidl_typesupport_introspection_cpp
[1.074s] -- Found rmw_implementation_cmake: 7.3.2 (/opt/ros/jazzy/share/rmw_implementation_cmake/cmake)
[1.078s] -- Found rmw_fastrtps_cpp: 8.4.2 (/opt/ros/jazzy/share/rmw_fastrtps_cpp/cmake)
[1.159s] -- Found OpenSSL: /usr/lib/x86_64-linux-gnu/libcrypto.so (found version "3.0.13")  
[1.178s] -- Found FastRTPS: /opt/ros/jazzy/include (Required is at least version "2.13") 
[1.197s] -- Using RMW implementation 'rmw_fastrtps_cpp' as default
[1.288s] -- Found laser_proc: 1.0.2 (/opt/ros/jazzy/share/laser_proc/cmake)
[1.340s] -- Found rclcpp_components: 28.1.8 (/opt/ros/jazzy/share/rclcpp_components/cmake)
[1.388s] -- Found std_srvs: 5.3.6 (/opt/ros/jazzy/share/std_srvs/cmake)
[1.410s] -- Found urg_c: 1.0.4001 (/opt/ros/jazzy/share/urg_c/cmake)
[1.414s] -- Found urg_node_msgs: 1.0.1 (/opt/ros/jazzy/share/urg_node_msgs/cmake)
[1.436s] -- Found ament_lint_auto: 0.17.2 (/opt/ros/jazzy/share/ament_lint_auto/cmake)
[1.541s] -- Added test 'cppcheck' to perform static code analysis on C / C++ code
[1.542s] -- Configured cppcheck include dirs: $<BUILD_INTERFACE:/home/riplab/GIT/lidar_ws/src/urg_node/include>
[1.542s] -- Configured cppcheck exclude dirs and/or files: 
[1.554s] -- Added test 'cpplint' to check C / C++ code against the Google style
[1.554s] -- Configured cpplint exclude dirs and/or files: 
[1.556s] -- Added test 'flake8' to check Python code syntax and style conventions
[1.556s] -- Configured 'flake8' exclude dirs and/or files: 
[1.560s] -- Added test 'lint_cmake' to check CMake code style
[1.562s] -- Added test 'pep257' to check Python code against some of the docstring style conventions in PEP 257
[1.575s] -- Added test 'uncrustify' to check C / C++ code style
[1.575s] -- Configured uncrustify additional arguments: 
[1.578s] -- Added test 'xmllint' to check XML markup files
[1.581s] -- Configuring done (1.6s)
[1.608s] -- Generating done (0.0s)
[1.614s] -- Build files have been written to: /home/riplab/GIT/lidar_ws/build/urg_node
[1.622s] Invoked command in '/home/riplab/GIT/lidar_ws/build/urg_node' returned '0': CMAKE_PREFIX_PATH=${CMAKE_PREFIX_PATH}:/opt/ros/jazzy DEBUGINFOD_URLS=https://debuginfod.ubuntu.com /usr/bin/cmake /home/riplab/GIT/lidar_ws/src/urg_node -DCMAKE_INSTALL_PREFIX=/home/riplab/GIT/lidar_ws/install/urg_node
[1.623s] Invoking command in '/home/riplab/GIT/lidar_ws/build/urg_node': CMAKE_PREFIX_PATH=${CMAKE_PREFIX_PATH}:/opt/ros/jazzy DEBUGINFOD_URLS=https://debuginfod.ubuntu.com /usr/bin/cmake --build /home/riplab/GIT/lidar_ws/build/urg_node -- -j16 -l16
[1.661s] [ 42%] [32mBuilding CXX object CMakeFiles/urg_node.dir/src/urg_c_wrapper.cpp.o[0m
[1.662s] [ 42%] [32mBuilding CXX object CMakeFiles/urg_node_driver.dir/rclcpp_components/node_main_urg_node_driver.cpp.o[0m
[1.662s] [ 42%] [32mBuilding CXX object CMakeFiles/urg_node.dir/src/urg_node.cpp.o[0m
[4.311s] [ 57%] [32m[1mLinking CXX executable urg_node_driver[0m
[4.406s] [ 57%] Built target urg_node_driver
[7.031s] [ 71%] [32m[1mLinking CXX shared library liburg_node.so[0m
[7.242s] [ 71%] Built target urg_node
[7.257s] [ 85%] [32mBuilding CXX object CMakeFiles/getID.dir/src/get_id.cpp.o[0m
[9.475s] [100%] [32m[1mLinking CXX executable getID[0m
[9.637s] [100%] Built target getID
[9.647s] Invoked command in '/home/riplab/GIT/lidar_ws/build/urg_node' returned '0': CMAKE_PREFIX_PATH=${CMAKE_PREFIX_PATH}:/opt/ros/jazzy DEBUGINFOD_URLS=https://debuginfod.ubuntu.com /usr/bin/cmake --build /home/riplab/GIT/lidar_ws/build/urg_node -- -j16 -l16
[9.648s] Invoking command in '/home/riplab/GIT/lidar_ws/build/urg_node': CMAKE_PREFIX_PATH=${CMAKE_PREFIX_PATH}:/opt/ros/jazzy DEBUGINFOD_URLS=https://debuginfod.ubuntu.com /usr/bin/cmake --install /home/riplab/GIT/lidar_ws/build/urg_node
[9.654s] -- Install configuration: ""
[9.654s] -- Installing: /home/riplab/GIT/lidar_ws/install/urg_node/lib/urg_node/urg_node_driver
[9.655s] -- Set non-toolchain portion of runtime path of "/home/riplab/GIT/lidar_ws/install/urg_node/lib/urg_node/urg_node_driver" to ""
[9.655s] -- Installing: /home/riplab/GIT/lidar_ws/install/urg_node/lib/liburg_node.so
[9.657s] -- Set non-toolchain portion of runtime path of "/home/riplab/GIT/lidar_ws/install/urg_node/lib/liburg_node.so" to ""
[9.657s] -- Installing: /home/riplab/GIT/lidar_ws/install/urg_node/lib/urg_node/getID
[9.657s] -- Set non-toolchain portion of runtime path of "/home/riplab/GIT/lidar_ws/install/urg_node/lib/urg_node/getID" to ""
[9.657s] -- Installing: /home/riplab/GIT/lidar_ws/install/urg_node/include
[9.657s] -- Installing: /home/riplab/GIT/lidar_ws/install/urg_node/include/urg_node
[9.657s] -- Installing: /home/riplab/GIT/lidar_ws/install/urg_node/include/urg_node/urg_node.hpp
[9.657s] -- Installing: /home/riplab/GIT/lidar_ws/install/urg_node/include/urg_node/urg_c_wrapper.hpp
[9.657s] -- Installing: /home/riplab/GIT/lidar_ws/install/urg_node/lib/urg_node/set_urg_ip.py
[9.657s] -- Installing: /home/riplab/GIT/lidar_ws/install/urg_node/share/urg_node/launch
[9.657s] -- Installing: /home/riplab/GIT/lidar_ws/install/urg_node/share/urg_node/launch/urg_node_serial.yaml
[9.658s] -- Installing: /home/riplab/GIT/lidar_ws/install/urg_node/share/urg_node/launch/hokuyo_laser.urdf
[9.658s] -- Installing: /home/riplab/GIT/lidar_ws/install/urg_node/share/urg_node/launch/urg_node_ethernet.yaml
[9.658s] -- Installing: /home/riplab/GIT/lidar_ws/install/urg_node/share/urg_node/launch/urg_node_launch.py
[9.658s] -- Installing: /home/riplab/GIT/lidar_ws/install/urg_node/share/urg_node/launch/urg_lidar.launch
[9.658s] -- Installing: /home/riplab/GIT/lidar_ws/install/urg_node/share/urg_node/meshes
[9.658s] -- Installing: /home/riplab/GIT/lidar_ws/install/urg_node/share/urg_node/meshes/hokuyo_ust10.stl
[9.658s] -- Installing: /home/riplab/GIT/lidar_ws/install/urg_node/share/urg_node/urdf
[9.658s] -- Installing: /home/riplab/GIT/lidar_ws/install/urg_node/share/urg_node/urdf/hokuyo_ust10.urdf.xacro
[9.658s] -- Installing: /home/riplab/GIT/lidar_ws/install/urg_node/share/urg_node/urdf/hokuyo.urdf
[9.658s] -- Installing: /home/riplab/GIT/lidar_ws/install/urg_node/share/urg_node/urdf/xacro.py
[9.658s] -- Installing: /home/riplab/GIT/lidar_ws/install/urg_node/share/urg_node/environment/library_path.sh
[9.658s] -- Installing: /home/riplab/GIT/lidar_ws/install/urg_node/share/urg_node/environment/library_path.dsv
[9.658s] -- Installing: /home/riplab/GIT/lidar_ws/install/urg_node/share/ament_index/resource_index/package_run_dependencies/urg_node
[9.658s] -- Installing: /home/riplab/GIT/lidar_ws/install/urg_node/share/ament_index/resource_index/parent_prefix_path/urg_node
[9.659s] -- Installing: /home/riplab/GIT/lidar_ws/install/urg_node/share/urg_node/environment/ament_prefix_path.sh
[9.659s] -- Installing: /home/riplab/GIT/lidar_ws/install/urg_node/share/urg_node/environment/ament_prefix_path.dsv
[9.659s] -- Installing: /home/riplab/GIT/lidar_ws/install/urg_node/share/urg_node/environment/path.sh
[9.659s] -- Installing: /home/riplab/GIT/lidar_ws/install/urg_node/share/urg_node/environment/path.dsv
[9.659s] -- Installing: /home/riplab/GIT/lidar_ws/install/urg_node/share/urg_node/local_setup.bash
[9.659s] -- Installing: /home/riplab/GIT/lidar_ws/install/urg_node/share/urg_node/local_setup.sh
[9.659s] -- Installing: /home/riplab/GIT/lidar_ws/install/urg_node/share/urg_node/local_setup.zsh
[9.659s] -- Installing: /home/riplab/GIT/lidar_ws/install/urg_node/share/urg_node/local_setup.dsv
[9.659s] -- Installing: /home/riplab/GIT/lidar_ws/install/urg_node/share/urg_node/package.dsv
[9.659s] -- Installing: /home/riplab/GIT/lidar_ws/install/urg_node/share/ament_index/resource_index/packages/urg_node
[9.659s] -- Installing: /home/riplab/GIT/lidar_ws/install/urg_node/share/ament_index/resource_index/rclcpp_components/urg_node
[9.659s] -- Installing: /home/riplab/GIT/lidar_ws/install/urg_node/share/urg_node/cmake/ament_cmake_export_dependencies-extras.cmake
[9.659s] -- Installing: /home/riplab/GIT/lidar_ws/install/urg_node/share/urg_node/cmake/ament_cmake_export_include_directories-extras.cmake
[9.660s] -- Installing: /home/riplab/GIT/lidar_ws/install/urg_node/share/urg_node/cmake/ament_cmake_export_libraries-extras.cmake
[9.660s] -- Installing: /home/riplab/GIT/lidar_ws/install/urg_node/share/urg_node/cmake/urg_nodeConfig.cmake
[9.660s] -- Installing: /home/riplab/GIT/lidar_ws/install/urg_node/share/urg_node/cmake/urg_nodeConfig-version.cmake
[9.660s] -- Installing: /home/riplab/GIT/lidar_ws/install/urg_node/share/urg_node/package.xml
[9.662s] Invoked command in '/home/riplab/GIT/lidar_ws/build/urg_node' returned '0': CMAKE_PREFIX_PATH=${CMAKE_PREFIX_PATH}:/opt/ros/jazzy DEBUGINFOD_URLS=https://debuginfod.ubuntu.com /usr/bin/cmake --install /home/riplab/GIT/lidar_ws/build/urg_node
