[0.017s] Invoking command in '/home/riplab/GIT/lidar_ws/build/lidar_launch': CMAKE_PREFIX_PATH=${CMAKE_PREFIX_PATH}:/opt/ros/jazzy DEBUGINFOD_URLS=https://debuginfod.ubuntu.com /usr/bin/cmake --build /home/riplab/GIT/lidar_ws/build/lidar_launch -- -j16 -l16
[0.039s] -- Found ament_cmake: 2.5.3 (/opt/ros/jazzy/share/ament_cmake/cmake)
[0.212s] -- Found ament_lint_auto: 0.17.2 (/opt/ros/jazzy/share/ament_lint_auto/cmake)
[0.282s] -- Added test 'flake8' to check Python code syntax and style conventions
[0.282s] -- Configured 'flake8' exclude dirs and/or files: 
[0.283s] -- Added test 'lint_cmake' to check CMake code style
[0.283s] -- Added test 'pep257' to check Python code against some of the docstring style conventions in PEP 257
[0.283s] -- Added test 'xmllint' to check XML markup files
[0.284s] -- Configuring done (0.2s)
[0.286s] -- Generating done (0.0s)
[0.288s] -- Build files have been written to: /home/riplab/GIT/lidar_ws/build/lidar_launch
[0.304s] Invoked command in '/home/riplab/GIT/lidar_ws/build/lidar_launch' returned '0': CMAKE_PREFIX_PATH=${CMAKE_PREFIX_PATH}:/opt/ros/jazzy DEBUGINFOD_URLS=https://debuginfod.ubuntu.com /usr/bin/cmake --build /home/riplab/GIT/lidar_ws/build/lidar_launch -- -j16 -l16
[0.305s] Invoking command in '/home/riplab/GIT/lidar_ws/build/lidar_launch': CMAKE_PREFIX_PATH=${CMAKE_PREFIX_PATH}:/opt/ros/jazzy DEBUGINFOD_URLS=https://debuginfod.ubuntu.com /usr/bin/cmake --install /home/riplab/GIT/lidar_ws/build/lidar_launch
[0.311s] -- Install configuration: ""
[0.311s] -- Installing: /home/riplab/GIT/lidar_ws/install/lidar_launch/share/lidar_launch/src
[0.311s] -- Installing: /home/riplab/GIT/lidar_ws/install/lidar_launch/share/lidar_launch/src/lidar_launch.py
[0.311s] -- Up-to-date: /home/riplab/GIT/lidar_ws/install/lidar_launch/share/ament_index/resource_index/package_run_dependencies/lidar_launch
[0.311s] -- Installing: /home/riplab/GIT/lidar_ws/install/lidar_launch/share/ament_index/resource_index/parent_prefix_path/lidar_launch
[0.311s] -- Up-to-date: /home/riplab/GIT/lidar_ws/install/lidar_launch/share/lidar_launch/environment/ament_prefix_path.sh
[0.311s] -- Up-to-date: /home/riplab/GIT/lidar_ws/install/lidar_launch/share/lidar_launch/environment/ament_prefix_path.dsv
[0.311s] -- Up-to-date: /home/riplab/GIT/lidar_ws/install/lidar_launch/share/lidar_launch/environment/path.sh
[0.311s] -- Up-to-date: /home/riplab/GIT/lidar_ws/install/lidar_launch/share/lidar_launch/environment/path.dsv
[0.312s] -- Up-to-date: /home/riplab/GIT/lidar_ws/install/lidar_launch/share/lidar_launch/local_setup.bash
[0.312s] -- Up-to-date: /home/riplab/GIT/lidar_ws/install/lidar_launch/share/lidar_launch/local_setup.sh
[0.312s] -- Up-to-date: /home/riplab/GIT/lidar_ws/install/lidar_launch/share/lidar_launch/local_setup.zsh
[0.312s] -- Up-to-date: /home/riplab/GIT/lidar_ws/install/lidar_launch/share/lidar_launch/local_setup.dsv
[0.312s] -- Installing: /home/riplab/GIT/lidar_ws/install/lidar_launch/share/lidar_launch/package.dsv
[0.312s] -- Up-to-date: /home/riplab/GIT/lidar_ws/install/lidar_launch/share/ament_index/resource_index/packages/lidar_launch
[0.312s] -- Up-to-date: /home/riplab/GIT/lidar_ws/install/lidar_launch/share/lidar_launch/cmake/lidar_launchConfig.cmake
[0.312s] -- Up-to-date: /home/riplab/GIT/lidar_ws/install/lidar_launch/share/lidar_launch/cmake/lidar_launchConfig-version.cmake
[0.312s] -- Up-to-date: /home/riplab/GIT/lidar_ws/install/lidar_launch/share/lidar_launch/package.xml
[0.313s] Invoked command in '/home/riplab/GIT/lidar_ws/build/lidar_launch' returned '0': CMAKE_PREFIX_PATH=${CMAKE_PREFIX_PATH}:/opt/ros/jazzy DEBUGINFOD_URLS=https://debuginfod.ubuntu.com /usr/bin/cmake --install /home/riplab/GIT/lidar_ws/build/lidar_launch
