[0.082s] DEBUG:colcon:Command line arguments: ['/usr/bin/colcon', 'build']
[0.082s] DEBUG:colcon:Parsed command line arguments: Namespace(log_base=None, log_level=None, verb_name='build', build_base='build', install_base='install', merge_install=False, symlink_install=False, test_result_base=None, continue_on_error=False, executor='parallel', parallel_workers=16, event_handlers=None, ignore_user_meta=False, metas=['./colcon.meta'], base_paths=['.'], packages_ignore=None, packages_ignore_regex=None, paths=None, packages_up_to=None, packages_up_to_regex=None, packages_above=None, packages_above_and_dependencies=None, packages_above_depth=None, packages_select_by_dep=None, packages_skip_by_dep=None, packages_skip_up_to=None, packages_select_build_failed=False, packages_skip_build_finished=False, packages_select_test_failures=False, packages_skip_test_passed=False, packages_select=None, packages_skip=None, packages_select_regex=None, packages_skip_regex=None, packages_start=None, packages_end=None, cmake_args=None, cmake_target=None, cmake_target_skip_unavailable=False, cmake_clean_cache=False, cmake_clean_first=False, cmake_force_configure=False, ament_cmake_args=None, catkin_cmake_args=None, catkin_skip_building_tests=False, verb_parser=<colcon_defaults.argument_parser.defaults.DefaultArgumentsDecorator object at 0x7aefbb90a660>, verb_extension=<colcon_core.verb.build.BuildVerb object at 0x7aefbb90a450>, main=<bound method BuildVerb.main of <colcon_core.verb.build.BuildVerb object at 0x7aefbb90a450>>)
[0.111s] Level 1:colcon.colcon_core.package_discovery:discover_packages(colcon_meta) check parameters
[0.111s] Level 1:colcon.colcon_core.package_discovery:discover_packages(recursive) check parameters
[0.111s] Level 1:colcon.colcon_core.package_discovery:discover_packages(ignore) check parameters
[0.111s] Level 1:colcon.colcon_core.package_discovery:discover_packages(path) check parameters
[0.111s] Level 1:colcon.colcon_core.package_discovery:discover_packages(colcon_meta) discover
[0.111s] Level 1:colcon.colcon_core.package_discovery:discover_packages(recursive) discover
[0.111s] INFO:colcon.colcon_core.package_discovery:Crawling recursively for packages in '/home/riplab/GIT/lidar_ws'
[0.111s] Level 1:colcon.colcon_core.package_identification:_identify(.) by extensions ['ignore', 'ignore_ament_install']
[0.111s] Level 1:colcon.colcon_core.package_identification:_identify(.) by extension 'ignore'
[0.111s] Level 1:colcon.colcon_core.package_identification:_identify(.) by extension 'ignore_ament_install'
[0.111s] Level 1:colcon.colcon_core.package_identification:_identify(.) by extensions ['colcon_pkg']
[0.111s] Level 1:colcon.colcon_core.package_identification:_identify(.) by extension 'colcon_pkg'
[0.111s] Level 1:colcon.colcon_core.package_identification:_identify(.) by extensions ['colcon_meta']
[0.111s] Level 1:colcon.colcon_core.package_identification:_identify(.) by extension 'colcon_meta'
[0.111s] Level 1:colcon.colcon_core.package_identification:_identify(.) by extensions ['ros']
[0.111s] Level 1:colcon.colcon_core.package_identification:_identify(.) by extension 'ros'
[0.130s] Level 1:colcon.colcon_core.package_identification:_identify(.) by extensions ['cmake', 'python']
[0.130s] Level 1:colcon.colcon_core.package_identification:_identify(.) by extension 'cmake'
[0.130s] Level 1:colcon.colcon_core.package_identification:_identify(.) by extension 'python'
[0.130s] Level 1:colcon.colcon_core.package_identification:_identify(.) by extensions ['python_setup_py']
[0.130s] Level 1:colcon.colcon_core.package_identification:_identify(.) by extension 'python_setup_py'
[0.130s] Level 1:colcon.colcon_core.package_identification:_identify(build) by extensions ['ignore', 'ignore_ament_install']
[0.130s] Level 1:colcon.colcon_core.package_identification:_identify(build) by extension 'ignore'
[0.130s] Level 1:colcon.colcon_core.package_identification:_identify(build) ignored
[0.130s] Level 1:colcon.colcon_core.package_identification:_identify(install) by extensions ['ignore', 'ignore_ament_install']
[0.131s] Level 1:colcon.colcon_core.package_identification:_identify(install) by extension 'ignore'
[0.131s] Level 1:colcon.colcon_core.package_identification:_identify(install) ignored
[0.131s] Level 1:colcon.colcon_core.package_identification:_identify(log) by extensions ['ignore', 'ignore_ament_install']
[0.131s] Level 1:colcon.colcon_core.package_identification:_identify(log) by extension 'ignore'
[0.131s] Level 1:colcon.colcon_core.package_identification:_identify(log) ignored
[0.131s] Level 1:colcon.colcon_core.package_identification:_identify(src) by extensions ['ignore', 'ignore_ament_install']
[0.131s] Level 1:colcon.colcon_core.package_identification:_identify(src) by extension 'ignore'
[0.131s] Level 1:colcon.colcon_core.package_identification:_identify(src) by extension 'ignore_ament_install'
[0.131s] Level 1:colcon.colcon_core.package_identification:_identify(src) by extensions ['colcon_pkg']
[0.131s] Level 1:colcon.colcon_core.package_identification:_identify(src) by extension 'colcon_pkg'
[0.131s] Level 1:colcon.colcon_core.package_identification:_identify(src) by extensions ['colcon_meta']
[0.131s] Level 1:colcon.colcon_core.package_identification:_identify(src) by extension 'colcon_meta'
[0.131s] Level 1:colcon.colcon_core.package_identification:_identify(src) by extensions ['ros']
[0.131s] Level 1:colcon.colcon_core.package_identification:_identify(src) by extension 'ros'
[0.131s] Level 1:colcon.colcon_core.package_identification:_identify(src) by extensions ['cmake', 'python']
[0.131s] Level 1:colcon.colcon_core.package_identification:_identify(src) by extension 'cmake'
[0.131s] Level 1:colcon.colcon_core.package_identification:_identify(src) by extension 'python'
[0.131s] Level 1:colcon.colcon_core.package_identification:_identify(src) by extensions ['python_setup_py']
[0.131s] Level 1:colcon.colcon_core.package_identification:_identify(src) by extension 'python_setup_py'
[0.132s] Level 1:colcon.colcon_core.package_identification:_identify(src/lidar_launch) by extensions ['ignore', 'ignore_ament_install']
[0.132s] Level 1:colcon.colcon_core.package_identification:_identify(src/lidar_launch) by extension 'ignore'
[0.132s] Level 1:colcon.colcon_core.package_identification:_identify(src/lidar_launch) by extension 'ignore_ament_install'
[0.132s] Level 1:colcon.colcon_core.package_identification:_identify(src/lidar_launch) by extensions ['colcon_pkg']
[0.132s] Level 1:colcon.colcon_core.package_identification:_identify(src/lidar_launch) by extension 'colcon_pkg'
[0.132s] Level 1:colcon.colcon_core.package_identification:_identify(src/lidar_launch) by extensions ['colcon_meta']
[0.132s] Level 1:colcon.colcon_core.package_identification:_identify(src/lidar_launch) by extension 'colcon_meta'
[0.132s] Level 1:colcon.colcon_core.package_identification:_identify(src/lidar_launch) by extensions ['ros']
[0.132s] Level 1:colcon.colcon_core.package_identification:_identify(src/lidar_launch) by extension 'ros'
[0.134s] DEBUG:colcon.colcon_core.package_identification:Package 'src/lidar_launch' with type 'ros.ament_cmake' and name 'lidar_launch'
[0.134s] Level 1:colcon.colcon_core.package_identification:_identify(src/rf2o_laser_odometry) by extensions ['ignore', 'ignore_ament_install']
[0.134s] Level 1:colcon.colcon_core.package_identification:_identify(src/rf2o_laser_odometry) by extension 'ignore'
[0.134s] Level 1:colcon.colcon_core.package_identification:_identify(src/rf2o_laser_odometry) by extension 'ignore_ament_install'
[0.134s] Level 1:colcon.colcon_core.package_identification:_identify(src/rf2o_laser_odometry) by extensions ['colcon_pkg']
[0.134s] Level 1:colcon.colcon_core.package_identification:_identify(src/rf2o_laser_odometry) by extension 'colcon_pkg'
[0.134s] Level 1:colcon.colcon_core.package_identification:_identify(src/rf2o_laser_odometry) by extensions ['colcon_meta']
[0.134s] Level 1:colcon.colcon_core.package_identification:_identify(src/rf2o_laser_odometry) by extension 'colcon_meta'
[0.134s] Level 1:colcon.colcon_core.package_identification:_identify(src/rf2o_laser_odometry) by extensions ['ros']
[0.134s] Level 1:colcon.colcon_core.package_identification:_identify(src/rf2o_laser_odometry) by extension 'ros'
[0.135s] DEBUG:colcon.colcon_core.package_identification:Package 'src/rf2o_laser_odometry' with type 'ros.ament_cmake' and name 'rf2o_laser_odometry'
[0.135s] Level 1:colcon.colcon_core.package_identification:_identify(src/urg_node) by extensions ['ignore', 'ignore_ament_install']
[0.135s] Level 1:colcon.colcon_core.package_identification:_identify(src/urg_node) by extension 'ignore'
[0.135s] Level 1:colcon.colcon_core.package_identification:_identify(src/urg_node) by extension 'ignore_ament_install'
[0.135s] Level 1:colcon.colcon_core.package_identification:_identify(src/urg_node) by extensions ['colcon_pkg']
[0.135s] Level 1:colcon.colcon_core.package_identification:_identify(src/urg_node) by extension 'colcon_pkg'
[0.135s] Level 1:colcon.colcon_core.package_identification:_identify(src/urg_node) by extensions ['colcon_meta']
[0.135s] Level 1:colcon.colcon_core.package_identification:_identify(src/urg_node) by extension 'colcon_meta'
[0.135s] Level 1:colcon.colcon_core.package_identification:_identify(src/urg_node) by extensions ['ros']
[0.135s] Level 1:colcon.colcon_core.package_identification:_identify(src/urg_node) by extension 'ros'
[0.137s] DEBUG:colcon.colcon_core.package_identification:Package 'src/urg_node' with type 'ros.ament_cmake' and name 'urg_node'
[0.137s] Level 1:colcon.colcon_core.package_discovery:discover_packages(recursive) using defaults
[0.137s] Level 1:colcon.colcon_core.package_discovery:discover_packages(ignore) discover
[0.137s] Level 1:colcon.colcon_core.package_discovery:discover_packages(ignore) using defaults
[0.137s] Level 1:colcon.colcon_core.package_discovery:discover_packages(path) discover
[0.137s] Level 1:colcon.colcon_core.package_discovery:discover_packages(path) using defaults
[0.150s] Level 5:colcon.colcon_core.verb:set package 'lidar_launch' build argument 'cmake_args' from command line to 'None'
[0.150s] Level 5:colcon.colcon_core.verb:set package 'lidar_launch' build argument 'cmake_target' from command line to 'None'
[0.150s] Level 5:colcon.colcon_core.verb:set package 'lidar_launch' build argument 'cmake_target_skip_unavailable' from command line to 'False'
[0.150s] Level 5:colcon.colcon_core.verb:set package 'lidar_launch' build argument 'cmake_clean_cache' from command line to 'False'
[0.150s] Level 5:colcon.colcon_core.verb:set package 'lidar_launch' build argument 'cmake_clean_first' from command line to 'False'
[0.150s] Level 5:colcon.colcon_core.verb:set package 'lidar_launch' build argument 'cmake_force_configure' from command line to 'False'
[0.150s] Level 5:colcon.colcon_core.verb:set package 'lidar_launch' build argument 'ament_cmake_args' from command line to 'None'
[0.150s] Level 5:colcon.colcon_core.verb:set package 'lidar_launch' build argument 'catkin_cmake_args' from command line to 'None'
[0.150s] Level 5:colcon.colcon_core.verb:set package 'lidar_launch' build argument 'catkin_skip_building_tests' from command line to 'False'
[0.150s] DEBUG:colcon.colcon_core.verb:Building package 'lidar_launch' with the following arguments: {'ament_cmake_args': None, 'build_base': '/home/riplab/GIT/lidar_ws/build/lidar_launch', 'catkin_cmake_args': None, 'catkin_skip_building_tests': False, 'cmake_args': None, 'cmake_clean_cache': False, 'cmake_clean_first': False, 'cmake_force_configure': False, 'cmake_target': None, 'cmake_target_skip_unavailable': False, 'install_base': '/home/riplab/GIT/lidar_ws/install/lidar_launch', 'merge_install': False, 'path': '/home/riplab/GIT/lidar_ws/src/lidar_launch', 'symlink_install': False, 'test_result_base': None}
[0.150s] Level 5:colcon.colcon_core.verb:set package 'rf2o_laser_odometry' build argument 'cmake_args' from command line to 'None'
[0.150s] Level 5:colcon.colcon_core.verb:set package 'rf2o_laser_odometry' build argument 'cmake_target' from command line to 'None'
[0.150s] Level 5:colcon.colcon_core.verb:set package 'rf2o_laser_odometry' build argument 'cmake_target_skip_unavailable' from command line to 'False'
[0.150s] Level 5:colcon.colcon_core.verb:set package 'rf2o_laser_odometry' build argument 'cmake_clean_cache' from command line to 'False'
[0.150s] Level 5:colcon.colcon_core.verb:set package 'rf2o_laser_odometry' build argument 'cmake_clean_first' from command line to 'False'
[0.150s] Level 5:colcon.colcon_core.verb:set package 'rf2o_laser_odometry' build argument 'cmake_force_configure' from command line to 'False'
[0.150s] Level 5:colcon.colcon_core.verb:set package 'rf2o_laser_odometry' build argument 'ament_cmake_args' from command line to 'None'
[0.150s] Level 5:colcon.colcon_core.verb:set package 'rf2o_laser_odometry' build argument 'catkin_cmake_args' from command line to 'None'
[0.150s] Level 5:colcon.colcon_core.verb:set package 'rf2o_laser_odometry' build argument 'catkin_skip_building_tests' from command line to 'False'
[0.150s] DEBUG:colcon.colcon_core.verb:Building package 'rf2o_laser_odometry' with the following arguments: {'ament_cmake_args': None, 'build_base': '/home/riplab/GIT/lidar_ws/build/rf2o_laser_odometry', 'catkin_cmake_args': None, 'catkin_skip_building_tests': False, 'cmake_args': None, 'cmake_clean_cache': False, 'cmake_clean_first': False, 'cmake_force_configure': False, 'cmake_target': None, 'cmake_target_skip_unavailable': False, 'install_base': '/home/riplab/GIT/lidar_ws/install/rf2o_laser_odometry', 'merge_install': False, 'path': '/home/riplab/GIT/lidar_ws/src/rf2o_laser_odometry', 'symlink_install': False, 'test_result_base': None}
[0.151s] Level 5:colcon.colcon_core.verb:set package 'urg_node' build argument 'cmake_args' from command line to 'None'
[0.151s] Level 5:colcon.colcon_core.verb:set package 'urg_node' build argument 'cmake_target' from command line to 'None'
[0.151s] Level 5:colcon.colcon_core.verb:set package 'urg_node' build argument 'cmake_target_skip_unavailable' from command line to 'False'
[0.151s] Level 5:colcon.colcon_core.verb:set package 'urg_node' build argument 'cmake_clean_cache' from command line to 'False'
[0.151s] Level 5:colcon.colcon_core.verb:set package 'urg_node' build argument 'cmake_clean_first' from command line to 'False'
[0.151s] Level 5:colcon.colcon_core.verb:set package 'urg_node' build argument 'cmake_force_configure' from command line to 'False'
[0.151s] Level 5:colcon.colcon_core.verb:set package 'urg_node' build argument 'ament_cmake_args' from command line to 'None'
[0.151s] Level 5:colcon.colcon_core.verb:set package 'urg_node' build argument 'catkin_cmake_args' from command line to 'None'
[0.151s] Level 5:colcon.colcon_core.verb:set package 'urg_node' build argument 'catkin_skip_building_tests' from command line to 'False'
[0.151s] DEBUG:colcon.colcon_core.verb:Building package 'urg_node' with the following arguments: {'ament_cmake_args': None, 'build_base': '/home/riplab/GIT/lidar_ws/build/urg_node', 'catkin_cmake_args': None, 'catkin_skip_building_tests': False, 'cmake_args': None, 'cmake_clean_cache': False, 'cmake_clean_first': False, 'cmake_force_configure': False, 'cmake_target': None, 'cmake_target_skip_unavailable': False, 'install_base': '/home/riplab/GIT/lidar_ws/install/urg_node', 'merge_install': False, 'path': '/home/riplab/GIT/lidar_ws/src/urg_node', 'symlink_install': False, 'test_result_base': None}
[0.151s] INFO:colcon.colcon_core.executor:Executing jobs using 'parallel' executor
[0.152s] DEBUG:colcon.colcon_parallel_executor.executor.parallel:run_until_complete
[0.152s] INFO:colcon.colcon_ros.task.ament_cmake.build:Building ROS package in '/home/riplab/GIT/lidar_ws/src/lidar_launch' with build type 'ament_cmake'
[0.152s] INFO:colcon.colcon_cmake.task.cmake.build:Building CMake package in '/home/riplab/GIT/lidar_ws/src/lidar_launch'
[0.153s] INFO:colcon.colcon_core.plugin_system:Skipping extension 'colcon_core.shell.bat': Not used on non-Windows systems
[0.154s] DEBUG:colcon.colcon_core.shell:Skip shell extension 'dsv' for command environment
[0.159s] INFO:colcon.colcon_ros.task.ament_cmake.build:Building ROS package in '/home/riplab/GIT/lidar_ws/src/rf2o_laser_odometry' with build type 'ament_cmake'
[0.159s] INFO:colcon.colcon_cmake.task.cmake.build:Building CMake package in '/home/riplab/GIT/lidar_ws/src/rf2o_laser_odometry'
[0.159s] DEBUG:colcon.colcon_core.shell:Skip shell extension 'dsv' for command environment
[0.163s] INFO:colcon.colcon_ros.task.ament_cmake.build:Building ROS package in '/home/riplab/GIT/lidar_ws/src/urg_node' with build type 'ament_cmake'
[0.164s] INFO:colcon.colcon_cmake.task.cmake.build:Building CMake package in '/home/riplab/GIT/lidar_ws/src/urg_node'
[0.164s] DEBUG:colcon.colcon_core.shell:Skip shell extension 'dsv' for command environment
[0.170s] DEBUG:colcon.colcon_core.event_handler.log_command:Invoking command in '/home/riplab/GIT/lidar_ws/build/lidar_launch': CMAKE_PREFIX_PATH=${CMAKE_PREFIX_PATH}:/opt/ros/jazzy DEBUGINFOD_URLS=https://debuginfod.ubuntu.com /usr/bin/cmake --build /home/riplab/GIT/lidar_ws/build/lidar_launch -- -j16 -l16
[0.174s] DEBUG:colcon.colcon_core.event_handler.log_command:Invoking command in '/home/riplab/GIT/lidar_ws/build/rf2o_laser_odometry': CMAKE_PREFIX_PATH=${CMAKE_PREFIX_PATH}:/opt/ros/jazzy DEBUGINFOD_URLS=https://debuginfod.ubuntu.com /usr/bin/cmake --build /home/riplab/GIT/lidar_ws/build/rf2o_laser_odometry -- -j16 -l16
[0.176s] DEBUG:colcon.colcon_core.event_handler.log_command:Invoking command in '/home/riplab/GIT/lidar_ws/build/urg_node': CMAKE_PREFIX_PATH=${CMAKE_PREFIX_PATH}:/opt/ros/jazzy DEBUGINFOD_URLS=https://debuginfod.ubuntu.com /usr/bin/cmake --build /home/riplab/GIT/lidar_ws/build/urg_node -- -j16 -l16
[0.232s] DEBUG:colcon.colcon_core.event_handler.log_command:Invoked command in '/home/riplab/GIT/lidar_ws/build/rf2o_laser_odometry' returned '0': CMAKE_PREFIX_PATH=${CMAKE_PREFIX_PATH}:/opt/ros/jazzy DEBUGINFOD_URLS=https://debuginfod.ubuntu.com /usr/bin/cmake --build /home/riplab/GIT/lidar_ws/build/rf2o_laser_odometry -- -j16 -l16
[0.240s] DEBUG:colcon.colcon_core.event_handler.log_command:Invoking command in '/home/riplab/GIT/lidar_ws/build/rf2o_laser_odometry': CMAKE_PREFIX_PATH=${CMAKE_PREFIX_PATH}:/opt/ros/jazzy DEBUGINFOD_URLS=https://debuginfod.ubuntu.com /usr/bin/cmake --install /home/riplab/GIT/lidar_ws/build/rf2o_laser_odometry
[0.248s] Level 1:colcon.colcon_core.environment:create_environment_scripts_only(rf2o_laser_odometry)
[0.248s] DEBUG:colcon.colcon_core.event_handler.log_command:Invoked command in '/home/riplab/GIT/lidar_ws/build/rf2o_laser_odometry' returned '0': CMAKE_PREFIX_PATH=${CMAKE_PREFIX_PATH}:/opt/ros/jazzy DEBUGINFOD_URLS=https://debuginfod.ubuntu.com /usr/bin/cmake --install /home/riplab/GIT/lidar_ws/build/rf2o_laser_odometry
[0.250s] Level 1:colcon.colcon_core.environment:checking '/home/riplab/GIT/lidar_ws/install/rf2o_laser_odometry' for CMake module files
[0.251s] Level 1:colcon.colcon_core.environment:checking '/home/riplab/GIT/lidar_ws/install/rf2o_laser_odometry' for CMake config files
[0.251s] Level 1:colcon.colcon_core.shell:create_environment_hook('rf2o_laser_odometry', 'cmake_prefix_path')
[0.251s] INFO:colcon.colcon_core.shell:Creating environment descriptor '/home/riplab/GIT/lidar_ws/install/rf2o_laser_odometry/share/rf2o_laser_odometry/hook/cmake_prefix_path.dsv'
[0.251s] INFO:colcon.colcon_core.shell:Creating environment hook '/home/riplab/GIT/lidar_ws/install/rf2o_laser_odometry/share/rf2o_laser_odometry/hook/cmake_prefix_path.sh'
[0.252s] Level 1:colcon.colcon_core.environment:checking '/home/riplab/GIT/lidar_ws/install/rf2o_laser_odometry/lib'
[0.252s] Level 1:colcon.colcon_core.environment:checking '/home/riplab/GIT/lidar_ws/install/rf2o_laser_odometry/bin'
[0.252s] Level 1:colcon.colcon_core.environment:checking '/home/riplab/GIT/lidar_ws/install/rf2o_laser_odometry/lib/pkgconfig/rf2o_laser_odometry.pc'
[0.254s] Level 1:colcon.colcon_core.environment:checking '/home/riplab/GIT/lidar_ws/install/rf2o_laser_odometry/lib/python3.12/site-packages'
[0.254s] Level 1:colcon.colcon_core.environment:checking '/home/riplab/GIT/lidar_ws/install/rf2o_laser_odometry/bin'
[0.255s] INFO:colcon.colcon_core.shell:Creating package descriptor '/home/riplab/GIT/lidar_ws/install/rf2o_laser_odometry/share/rf2o_laser_odometry/package.dsv'
[0.255s] INFO:colcon.colcon_core.shell:Creating package script '/home/riplab/GIT/lidar_ws/install/rf2o_laser_odometry/share/rf2o_laser_odometry/package.sh'
[0.256s] INFO:colcon.colcon_core.shell:Creating package script '/home/riplab/GIT/lidar_ws/install/rf2o_laser_odometry/share/rf2o_laser_odometry/package.bash'
[0.256s] INFO:colcon.colcon_core.shell:Creating package script '/home/riplab/GIT/lidar_ws/install/rf2o_laser_odometry/share/rf2o_laser_odometry/package.zsh'
[0.257s] Level 1:colcon.colcon_core.environment:create_file_with_runtime_dependencies(/home/riplab/GIT/lidar_ws/install/rf2o_laser_odometry/share/colcon-core/packages/rf2o_laser_odometry)
[0.257s] Level 1:colcon.colcon_core.environment:create_environment_scripts_only(rf2o_laser_odometry)
[0.257s] Level 1:colcon.colcon_core.environment:checking '/home/riplab/GIT/lidar_ws/install/rf2o_laser_odometry' for CMake module files
[0.258s] Level 1:colcon.colcon_core.environment:checking '/home/riplab/GIT/lidar_ws/install/rf2o_laser_odometry' for CMake config files
[0.258s] Level 1:colcon.colcon_core.shell:create_environment_hook('rf2o_laser_odometry', 'cmake_prefix_path')
[0.258s] INFO:colcon.colcon_core.shell:Creating environment descriptor '/home/riplab/GIT/lidar_ws/install/rf2o_laser_odometry/share/rf2o_laser_odometry/hook/cmake_prefix_path.dsv'
[0.258s] INFO:colcon.colcon_core.shell:Creating environment hook '/home/riplab/GIT/lidar_ws/install/rf2o_laser_odometry/share/rf2o_laser_odometry/hook/cmake_prefix_path.sh'
[0.259s] Level 1:colcon.colcon_core.environment:checking '/home/riplab/GIT/lidar_ws/install/rf2o_laser_odometry/lib'
[0.259s] Level 1:colcon.colcon_core.environment:checking '/home/riplab/GIT/lidar_ws/install/rf2o_laser_odometry/bin'
[0.259s] Level 1:colcon.colcon_core.environment:checking '/home/riplab/GIT/lidar_ws/install/rf2o_laser_odometry/lib/pkgconfig/rf2o_laser_odometry.pc'
[0.259s] Level 1:colcon.colcon_core.environment:checking '/home/riplab/GIT/lidar_ws/install/rf2o_laser_odometry/lib/python3.12/site-packages'
[0.259s] Level 1:colcon.colcon_core.environment:checking '/home/riplab/GIT/lidar_ws/install/rf2o_laser_odometry/bin'
[0.260s] INFO:colcon.colcon_core.shell:Creating package descriptor '/home/riplab/GIT/lidar_ws/install/rf2o_laser_odometry/share/rf2o_laser_odometry/package.dsv'
[0.260s] INFO:colcon.colcon_core.shell:Creating package script '/home/riplab/GIT/lidar_ws/install/rf2o_laser_odometry/share/rf2o_laser_odometry/package.sh'
[0.260s] INFO:colcon.colcon_core.shell:Creating package script '/home/riplab/GIT/lidar_ws/install/rf2o_laser_odometry/share/rf2o_laser_odometry/package.bash'
[0.261s] INFO:colcon.colcon_core.shell:Creating package script '/home/riplab/GIT/lidar_ws/install/rf2o_laser_odometry/share/rf2o_laser_odometry/package.zsh'
[0.261s] Level 1:colcon.colcon_core.environment:create_file_with_runtime_dependencies(/home/riplab/GIT/lidar_ws/install/rf2o_laser_odometry/share/colcon-core/packages/rf2o_laser_odometry)
[0.263s] DEBUG:colcon.colcon_core.event_handler.log_command:Invoked command in '/home/riplab/GIT/lidar_ws/build/urg_node' returned '0': CMAKE_PREFIX_PATH=${CMAKE_PREFIX_PATH}:/opt/ros/jazzy DEBUGINFOD_URLS=https://debuginfod.ubuntu.com /usr/bin/cmake --build /home/riplab/GIT/lidar_ws/build/urg_node -- -j16 -l16
[0.263s] DEBUG:colcon.colcon_core.event_handler.log_command:Invoking command in '/home/riplab/GIT/lidar_ws/build/urg_node': CMAKE_PREFIX_PATH=${CMAKE_PREFIX_PATH}:/opt/ros/jazzy DEBUGINFOD_URLS=https://debuginfod.ubuntu.com /usr/bin/cmake --install /home/riplab/GIT/lidar_ws/build/urg_node
[0.273s] Level 1:colcon.colcon_core.environment:create_environment_scripts_only(urg_node)
[0.273s] Level 1:colcon.colcon_core.environment:checking '/home/riplab/GIT/lidar_ws/install/urg_node' for CMake module files
[0.273s] DEBUG:colcon.colcon_core.event_handler.log_command:Invoked command in '/home/riplab/GIT/lidar_ws/build/urg_node' returned '0': CMAKE_PREFIX_PATH=${CMAKE_PREFIX_PATH}:/opt/ros/jazzy DEBUGINFOD_URLS=https://debuginfod.ubuntu.com /usr/bin/cmake --install /home/riplab/GIT/lidar_ws/build/urg_node
[0.273s] Level 1:colcon.colcon_core.environment:checking '/home/riplab/GIT/lidar_ws/install/urg_node' for CMake config files
[0.274s] Level 1:colcon.colcon_core.shell:create_environment_hook('urg_node', 'cmake_prefix_path')
[0.274s] INFO:colcon.colcon_core.shell:Creating environment descriptor '/home/riplab/GIT/lidar_ws/install/urg_node/share/urg_node/hook/cmake_prefix_path.dsv'
[0.274s] INFO:colcon.colcon_core.shell:Creating environment hook '/home/riplab/GIT/lidar_ws/install/urg_node/share/urg_node/hook/cmake_prefix_path.sh'
[0.275s] Level 1:colcon.colcon_core.environment:checking '/home/riplab/GIT/lidar_ws/install/urg_node/lib'
[0.275s] Level 1:colcon.colcon_core.shell:create_environment_hook('urg_node', 'ld_library_path_lib')
[0.275s] INFO:colcon.colcon_core.shell:Creating environment descriptor '/home/riplab/GIT/lidar_ws/install/urg_node/share/urg_node/hook/ld_library_path_lib.dsv'
[0.275s] INFO:colcon.colcon_core.shell:Creating environment hook '/home/riplab/GIT/lidar_ws/install/urg_node/share/urg_node/hook/ld_library_path_lib.sh'
[0.275s] Level 1:colcon.colcon_core.environment:checking '/home/riplab/GIT/lidar_ws/install/urg_node/bin'
[0.275s] Level 1:colcon.colcon_core.environment:checking '/home/riplab/GIT/lidar_ws/install/urg_node/lib/pkgconfig/urg_node.pc'
[0.276s] Level 1:colcon.colcon_core.environment:checking '/home/riplab/GIT/lidar_ws/install/urg_node/lib/python3.12/site-packages'
[0.276s] Level 1:colcon.colcon_core.environment:checking '/home/riplab/GIT/lidar_ws/install/urg_node/bin'
[0.276s] INFO:colcon.colcon_core.shell:Creating package descriptor '/home/riplab/GIT/lidar_ws/install/urg_node/share/urg_node/package.dsv'
[0.276s] INFO:colcon.colcon_core.shell:Creating package script '/home/riplab/GIT/lidar_ws/install/urg_node/share/urg_node/package.sh'
[0.277s] INFO:colcon.colcon_core.shell:Creating package script '/home/riplab/GIT/lidar_ws/install/urg_node/share/urg_node/package.bash'
[0.277s] INFO:colcon.colcon_core.shell:Creating package script '/home/riplab/GIT/lidar_ws/install/urg_node/share/urg_node/package.zsh'
[0.277s] Level 1:colcon.colcon_core.environment:create_file_with_runtime_dependencies(/home/riplab/GIT/lidar_ws/install/urg_node/share/colcon-core/packages/urg_node)
[0.278s] Level 1:colcon.colcon_core.environment:create_environment_scripts_only(urg_node)
[0.278s] Level 1:colcon.colcon_core.environment:checking '/home/riplab/GIT/lidar_ws/install/urg_node' for CMake module files
[0.278s] Level 1:colcon.colcon_core.environment:checking '/home/riplab/GIT/lidar_ws/install/urg_node' for CMake config files
[0.278s] Level 1:colcon.colcon_core.shell:create_environment_hook('urg_node', 'cmake_prefix_path')
[0.278s] INFO:colcon.colcon_core.shell:Creating environment descriptor '/home/riplab/GIT/lidar_ws/install/urg_node/share/urg_node/hook/cmake_prefix_path.dsv'
[0.279s] INFO:colcon.colcon_core.shell:Creating environment hook '/home/riplab/GIT/lidar_ws/install/urg_node/share/urg_node/hook/cmake_prefix_path.sh'
[0.279s] Level 1:colcon.colcon_core.environment:checking '/home/riplab/GIT/lidar_ws/install/urg_node/lib'
[0.279s] Level 1:colcon.colcon_core.shell:create_environment_hook('urg_node', 'ld_library_path_lib')
[0.279s] INFO:colcon.colcon_core.shell:Creating environment descriptor '/home/riplab/GIT/lidar_ws/install/urg_node/share/urg_node/hook/ld_library_path_lib.dsv'
[0.280s] INFO:colcon.colcon_core.shell:Creating environment hook '/home/riplab/GIT/lidar_ws/install/urg_node/share/urg_node/hook/ld_library_path_lib.sh'
[0.280s] Level 1:colcon.colcon_core.environment:checking '/home/riplab/GIT/lidar_ws/install/urg_node/bin'
[0.280s] Level 1:colcon.colcon_core.environment:checking '/home/riplab/GIT/lidar_ws/install/urg_node/lib/pkgconfig/urg_node.pc'
[0.280s] Level 1:colcon.colcon_core.environment:checking '/home/riplab/GIT/lidar_ws/install/urg_node/lib/python3.12/site-packages'
[0.280s] Level 1:colcon.colcon_core.environment:checking '/home/riplab/GIT/lidar_ws/install/urg_node/bin'
[0.280s] INFO:colcon.colcon_core.shell:Creating package descriptor '/home/riplab/GIT/lidar_ws/install/urg_node/share/urg_node/package.dsv'
[0.281s] INFO:colcon.colcon_core.shell:Creating package script '/home/riplab/GIT/lidar_ws/install/urg_node/share/urg_node/package.sh'
[0.281s] INFO:colcon.colcon_core.shell:Creating package script '/home/riplab/GIT/lidar_ws/install/urg_node/share/urg_node/package.bash'
[0.282s] INFO:colcon.colcon_core.shell:Creating package script '/home/riplab/GIT/lidar_ws/install/urg_node/share/urg_node/package.zsh'
[0.282s] Level 1:colcon.colcon_core.environment:create_file_with_runtime_dependencies(/home/riplab/GIT/lidar_ws/install/urg_node/share/colcon-core/packages/urg_node)
[0.460s] DEBUG:colcon.colcon_core.event_handler.log_command:Invoked command in '/home/riplab/GIT/lidar_ws/build/lidar_launch' returned '0': CMAKE_PREFIX_PATH=${CMAKE_PREFIX_PATH}:/opt/ros/jazzy DEBUGINFOD_URLS=https://debuginfod.ubuntu.com /usr/bin/cmake --build /home/riplab/GIT/lidar_ws/build/lidar_launch -- -j16 -l16
[0.461s] DEBUG:colcon.colcon_core.event_handler.log_command:Invoking command in '/home/riplab/GIT/lidar_ws/build/lidar_launch': CMAKE_PREFIX_PATH=${CMAKE_PREFIX_PATH}:/opt/ros/jazzy DEBUGINFOD_URLS=https://debuginfod.ubuntu.com /usr/bin/cmake --install /home/riplab/GIT/lidar_ws/build/lidar_launch
[0.469s] Level 1:colcon.colcon_core.environment:create_environment_scripts_only(lidar_launch)
[0.469s] Level 1:colcon.colcon_core.environment:checking '/home/riplab/GIT/lidar_ws/install/lidar_launch' for CMake module files
[0.469s] DEBUG:colcon.colcon_core.event_handler.log_command:Invoked command in '/home/riplab/GIT/lidar_ws/build/lidar_launch' returned '0': CMAKE_PREFIX_PATH=${CMAKE_PREFIX_PATH}:/opt/ros/jazzy DEBUGINFOD_URLS=https://debuginfod.ubuntu.com /usr/bin/cmake --install /home/riplab/GIT/lidar_ws/build/lidar_launch
[0.470s] Level 1:colcon.colcon_core.environment:checking '/home/riplab/GIT/lidar_ws/install/lidar_launch' for CMake config files
[0.470s] Level 1:colcon.colcon_core.shell:create_environment_hook('lidar_launch', 'cmake_prefix_path')
[0.470s] INFO:colcon.colcon_core.shell:Creating environment descriptor '/home/riplab/GIT/lidar_ws/install/lidar_launch/share/lidar_launch/hook/cmake_prefix_path.dsv'
[0.470s] INFO:colcon.colcon_core.shell:Creating environment hook '/home/riplab/GIT/lidar_ws/install/lidar_launch/share/lidar_launch/hook/cmake_prefix_path.sh'
[0.471s] Level 1:colcon.colcon_core.environment:checking '/home/riplab/GIT/lidar_ws/install/lidar_launch/bin'
[0.471s] Level 1:colcon.colcon_core.environment:checking '/home/riplab/GIT/lidar_ws/install/lidar_launch/lib/pkgconfig/lidar_launch.pc'
[0.471s] Level 1:colcon.colcon_core.environment:checking '/home/riplab/GIT/lidar_ws/install/lidar_launch/lib/python3.12/site-packages'
[0.471s] Level 1:colcon.colcon_core.environment:checking '/home/riplab/GIT/lidar_ws/install/lidar_launch/bin'
[0.471s] INFO:colcon.colcon_core.shell:Creating package descriptor '/home/riplab/GIT/lidar_ws/install/lidar_launch/share/lidar_launch/package.dsv'
[0.472s] INFO:colcon.colcon_core.shell:Creating package script '/home/riplab/GIT/lidar_ws/install/lidar_launch/share/lidar_launch/package.sh'
[0.472s] INFO:colcon.colcon_core.shell:Creating package script '/home/riplab/GIT/lidar_ws/install/lidar_launch/share/lidar_launch/package.bash'
[0.472s] INFO:colcon.colcon_core.shell:Creating package script '/home/riplab/GIT/lidar_ws/install/lidar_launch/share/lidar_launch/package.zsh'
[0.472s] Level 1:colcon.colcon_core.environment:create_file_with_runtime_dependencies(/home/riplab/GIT/lidar_ws/install/lidar_launch/share/colcon-core/packages/lidar_launch)
[0.473s] Level 1:colcon.colcon_core.environment:create_environment_scripts_only(lidar_launch)
[0.473s] Level 1:colcon.colcon_core.environment:checking '/home/riplab/GIT/lidar_ws/install/lidar_launch' for CMake module files
[0.473s] Level 1:colcon.colcon_core.environment:checking '/home/riplab/GIT/lidar_ws/install/lidar_launch' for CMake config files
[0.473s] Level 1:colcon.colcon_core.shell:create_environment_hook('lidar_launch', 'cmake_prefix_path')
[0.473s] INFO:colcon.colcon_core.shell:Creating environment descriptor '/home/riplab/GIT/lidar_ws/install/lidar_launch/share/lidar_launch/hook/cmake_prefix_path.dsv'
[0.474s] INFO:colcon.colcon_core.shell:Creating environment hook '/home/riplab/GIT/lidar_ws/install/lidar_launch/share/lidar_launch/hook/cmake_prefix_path.sh'
[0.474s] Level 1:colcon.colcon_core.environment:checking '/home/riplab/GIT/lidar_ws/install/lidar_launch/bin'
[0.474s] Level 1:colcon.colcon_core.environment:checking '/home/riplab/GIT/lidar_ws/install/lidar_launch/lib/pkgconfig/lidar_launch.pc'
[0.474s] Level 1:colcon.colcon_core.environment:checking '/home/riplab/GIT/lidar_ws/install/lidar_launch/lib/python3.12/site-packages'
[0.474s] Level 1:colcon.colcon_core.environment:checking '/home/riplab/GIT/lidar_ws/install/lidar_launch/bin'
[0.475s] INFO:colcon.colcon_core.shell:Creating package descriptor '/home/riplab/GIT/lidar_ws/install/lidar_launch/share/lidar_launch/package.dsv'
[0.475s] INFO:colcon.colcon_core.shell:Creating package script '/home/riplab/GIT/lidar_ws/install/lidar_launch/share/lidar_launch/package.sh'
[0.475s] INFO:colcon.colcon_core.shell:Creating package script '/home/riplab/GIT/lidar_ws/install/lidar_launch/share/lidar_launch/package.bash'
[0.475s] INFO:colcon.colcon_core.shell:Creating package script '/home/riplab/GIT/lidar_ws/install/lidar_launch/share/lidar_launch/package.zsh'
[0.476s] Level 1:colcon.colcon_core.environment:create_file_with_runtime_dependencies(/home/riplab/GIT/lidar_ws/install/lidar_launch/share/colcon-core/packages/lidar_launch)
[0.476s] DEBUG:colcon.colcon_parallel_executor.executor.parallel:closing loop
[0.476s] DEBUG:colcon.colcon_parallel_executor.executor.parallel:loop closed
[0.476s] DEBUG:colcon.colcon_parallel_executor.executor.parallel:run_until_complete finished with '0'
[0.476s] DEBUG:colcon.colcon_core.event_reactor:joining thread
[0.481s] INFO:colcon.colcon_core.plugin_system:Skipping extension 'colcon_notification.desktop_notification.terminal_notifier': Not used on non-Darwin systems
[0.481s] INFO:colcon.colcon_core.plugin_system:Skipping extension 'colcon_notification.desktop_notification.win32': Not used on non-Windows systems
[0.481s] INFO:colcon.colcon_notification.desktop_notification:Sending desktop notification using 'notify2'
[0.492s] DEBUG:colcon.colcon_core.event_reactor:joined thread
[0.492s] INFO:colcon.colcon_core.shell:Creating prefix script '/home/riplab/GIT/lidar_ws/install/local_setup.sh'
[0.493s] INFO:colcon.colcon_core.shell:Creating prefix util module '/home/riplab/GIT/lidar_ws/install/_local_setup_util_sh.py'
[0.494s] INFO:colcon.colcon_core.shell:Creating prefix chain script '/home/riplab/GIT/lidar_ws/install/setup.sh'
[0.495s] INFO:colcon.colcon_core.shell:Creating prefix script '/home/riplab/GIT/lidar_ws/install/local_setup.bash'
[0.495s] INFO:colcon.colcon_core.shell:Creating prefix chain script '/home/riplab/GIT/lidar_ws/install/setup.bash'
[0.496s] INFO:colcon.colcon_core.shell:Creating prefix script '/home/riplab/GIT/lidar_ws/install/local_setup.zsh'
[0.496s] INFO:colcon.colcon_core.shell:Creating prefix chain script '/home/riplab/GIT/lidar_ws/install/setup.zsh'
