[0.102s] DEBUG:colcon:Command line arguments: ['/usr/bin/colcon', 'build']
[0.102s] DEBUG:colcon:Parsed command line arguments: Namespace(log_base=None, log_level=None, verb_name='build', build_base='build', install_base='install', merge_install=False, symlink_install=False, test_result_base=None, continue_on_error=False, executor='parallel', parallel_workers=16, event_handlers=None, ignore_user_meta=False, metas=['./colcon.meta'], base_paths=['.'], packages_ignore=None, packages_ignore_regex=None, paths=None, packages_up_to=None, packages_up_to_regex=None, packages_above=None, packages_above_and_dependencies=None, packages_above_depth=None, packages_select_by_dep=None, packages_skip_by_dep=None, packages_skip_up_to=None, packages_select_build_failed=False, packages_skip_build_finished=False, packages_select_test_failures=False, packages_skip_test_passed=False, packages_select=None, packages_skip=None, packages_select_regex=None, packages_skip_regex=None, packages_start=None, packages_end=None, cmake_args=None, cmake_target=None, cmake_target_skip_unavailable=False, cmake_clean_cache=False, cmake_clean_first=False, cmake_force_configure=False, ament_cmake_args=None, catkin_cmake_args=None, catkin_skip_building_tests=False, verb_parser=<colcon_defaults.argument_parser.defaults.DefaultArgumentsDecorator object at 0x73aa9e932870>, verb_extension=<colcon_core.verb.build.BuildVerb object at 0x73aa9e9324b0>, main=<bound method BuildVerb.main of <colcon_core.verb.build.BuildVerb object at 0x73aa9e9324b0>>)
[0.135s] Level 1:colcon.colcon_core.package_discovery:discover_packages(colcon_meta) check parameters
[0.135s] Level 1:colcon.colcon_core.package_discovery:discover_packages(recursive) check parameters
[0.135s] Level 1:colcon.colcon_core.package_discovery:discover_packages(ignore) check parameters
[0.135s] Level 1:colcon.colcon_core.package_discovery:discover_packages(path) check parameters
[0.135s] Level 1:colcon.colcon_core.package_discovery:discover_packages(colcon_meta) discover
[0.135s] Level 1:colcon.colcon_core.package_discovery:discover_packages(recursive) discover
[0.135s] INFO:colcon.colcon_core.package_discovery:Crawling recursively for packages in '/home/riplab/GIT/lidar_ws/src/rf2o_laser_odometry'
[0.135s] Level 1:colcon.colcon_core.package_identification:_identify(.) by extensions ['ignore', 'ignore_ament_install']
[0.135s] Level 1:colcon.colcon_core.package_identification:_identify(.) by extension 'ignore'
[0.135s] Level 1:colcon.colcon_core.package_identification:_identify(.) by extension 'ignore_ament_install'
[0.135s] Level 1:colcon.colcon_core.package_identification:_identify(.) by extensions ['colcon_pkg']
[0.135s] Level 1:colcon.colcon_core.package_identification:_identify(.) by extension 'colcon_pkg'
[0.135s] Level 1:colcon.colcon_core.package_identification:_identify(.) by extensions ['colcon_meta']
[0.135s] Level 1:colcon.colcon_core.package_identification:_identify(.) by extension 'colcon_meta'
[0.135s] Level 1:colcon.colcon_core.package_identification:_identify(.) by extensions ['ros']
[0.135s] Level 1:colcon.colcon_core.package_identification:_identify(.) by extension 'ros'
[0.180s] DEBUG:colcon.colcon_core.package_identification:Package '.' with type 'ros.ament_cmake' and name 'rf2o_laser_odometry'
[0.180s] Level 1:colcon.colcon_core.package_discovery:discover_packages(recursive) using defaults
[0.180s] Level 1:colcon.colcon_core.package_discovery:discover_packages(ignore) discover
[0.180s] Level 1:colcon.colcon_core.package_discovery:discover_packages(ignore) using defaults
[0.180s] Level 1:colcon.colcon_core.package_discovery:discover_packages(path) discover
[0.180s] Level 1:colcon.colcon_core.package_discovery:discover_packages(path) using defaults
[0.200s] Level 5:colcon.colcon_core.verb:set package 'rf2o_laser_odometry' build argument 'cmake_args' from command line to 'None'
[0.200s] Level 5:colcon.colcon_core.verb:set package 'rf2o_laser_odometry' build argument 'cmake_target' from command line to 'None'
[0.200s] Level 5:colcon.colcon_core.verb:set package 'rf2o_laser_odometry' build argument 'cmake_target_skip_unavailable' from command line to 'False'
[0.200s] Level 5:colcon.colcon_core.verb:set package 'rf2o_laser_odometry' build argument 'cmake_clean_cache' from command line to 'False'
[0.200s] Level 5:colcon.colcon_core.verb:set package 'rf2o_laser_odometry' build argument 'cmake_clean_first' from command line to 'False'
[0.200s] Level 5:colcon.colcon_core.verb:set package 'rf2o_laser_odometry' build argument 'cmake_force_configure' from command line to 'False'
[0.200s] Level 5:colcon.colcon_core.verb:set package 'rf2o_laser_odometry' build argument 'ament_cmake_args' from command line to 'None'
[0.200s] Level 5:colcon.colcon_core.verb:set package 'rf2o_laser_odometry' build argument 'catkin_cmake_args' from command line to 'None'
[0.200s] Level 5:colcon.colcon_core.verb:set package 'rf2o_laser_odometry' build argument 'catkin_skip_building_tests' from command line to 'False'
[0.200s] DEBUG:colcon.colcon_core.verb:Building package 'rf2o_laser_odometry' with the following arguments: {'ament_cmake_args': None, 'build_base': '/home/riplab/GIT/lidar_ws/src/rf2o_laser_odometry/build/rf2o_laser_odometry', 'catkin_cmake_args': None, 'catkin_skip_building_tests': False, 'cmake_args': None, 'cmake_clean_cache': False, 'cmake_clean_first': False, 'cmake_force_configure': False, 'cmake_target': None, 'cmake_target_skip_unavailable': False, 'install_base': '/home/riplab/GIT/lidar_ws/src/rf2o_laser_odometry/install/rf2o_laser_odometry', 'merge_install': False, 'path': '/home/riplab/GIT/lidar_ws/src/rf2o_laser_odometry', 'symlink_install': False, 'test_result_base': None}
[0.200s] INFO:colcon.colcon_core.executor:Executing jobs using 'parallel' executor
[0.201s] DEBUG:colcon.colcon_parallel_executor.executor.parallel:run_until_complete
[0.201s] INFO:colcon.colcon_ros.task.ament_cmake.build:Building ROS package in '/home/riplab/GIT/lidar_ws/src/rf2o_laser_odometry' with build type 'ament_cmake'
[0.201s] INFO:colcon.colcon_cmake.task.cmake.build:Building CMake package in '/home/riplab/GIT/lidar_ws/src/rf2o_laser_odometry'
[0.203s] INFO:colcon.colcon_core.plugin_system:Skipping extension 'colcon_core.shell.bat': Not used on non-Windows systems
[0.203s] DEBUG:colcon.colcon_core.shell:Skip shell extension 'dsv' for command environment
[0.212s] DEBUG:colcon.colcon_core.event_handler.log_command:Invoking command in '/home/riplab/GIT/lidar_ws/src/rf2o_laser_odometry/build/rf2o_laser_odometry': CMAKE_PREFIX_PATH=${CMAKE_PREFIX_PATH}:/opt/ros/jazzy DEBUGINFOD_URLS=https://debuginfod.ubuntu.com /usr/bin/cmake /home/riplab/GIT/lidar_ws/src/rf2o_laser_odometry -DCMAKE_INSTALL_PREFIX=/home/riplab/GIT/lidar_ws/src/rf2o_laser_odometry/install/rf2o_laser_odometry
[1.505s] DEBUG:colcon.colcon_core.event_handler.log_command:Invoked command in '/home/riplab/GIT/lidar_ws/src/rf2o_laser_odometry/build/rf2o_laser_odometry' returned '0': CMAKE_PREFIX_PATH=${CMAKE_PREFIX_PATH}:/opt/ros/jazzy DEBUGINFOD_URLS=https://debuginfod.ubuntu.com /usr/bin/cmake /home/riplab/GIT/lidar_ws/src/rf2o_laser_odometry -DCMAKE_INSTALL_PREFIX=/home/riplab/GIT/lidar_ws/src/rf2o_laser_odometry/install/rf2o_laser_odometry
[1.506s] DEBUG:colcon.colcon_core.event_handler.log_command:Invoking command in '/home/riplab/GIT/lidar_ws/src/rf2o_laser_odometry/build/rf2o_laser_odometry': CMAKE_PREFIX_PATH=${CMAKE_PREFIX_PATH}:/opt/ros/jazzy DEBUGINFOD_URLS=https://debuginfod.ubuntu.com /usr/bin/cmake --build /home/riplab/GIT/lidar_ws/src/rf2o_laser_odometry/build/rf2o_laser_odometry -- -j16 -l16
[6.853s] DEBUG:colcon.colcon_core.event_handler.log_command:Invoked command in '/home/riplab/GIT/lidar_ws/src/rf2o_laser_odometry/build/rf2o_laser_odometry' returned '2': CMAKE_PREFIX_PATH=${CMAKE_PREFIX_PATH}:/opt/ros/jazzy DEBUGINFOD_URLS=https://debuginfod.ubuntu.com /usr/bin/cmake --build /home/riplab/GIT/lidar_ws/src/rf2o_laser_odometry/build/rf2o_laser_odometry -- -j16 -l16
[6.854s] Level 1:colcon.colcon_core.environment:create_environment_scripts_only(rf2o_laser_odometry)
[6.855s] Level 1:colcon.colcon_core.environment:checking '/home/riplab/GIT/lidar_ws/src/rf2o_laser_odometry/install/rf2o_laser_odometry' for CMake module files
[6.856s] Level 1:colcon.colcon_core.environment:checking '/home/riplab/GIT/lidar_ws/src/rf2o_laser_odometry/install/rf2o_laser_odometry' for CMake config files
[6.856s] Level 1:colcon.colcon_core.environment:checking '/home/riplab/GIT/lidar_ws/src/rf2o_laser_odometry/install/rf2o_laser_odometry/bin'
[6.856s] Level 1:colcon.colcon_core.environment:checking '/home/riplab/GIT/lidar_ws/src/rf2o_laser_odometry/install/rf2o_laser_odometry/lib/pkgconfig/rf2o_laser_odometry.pc'
[6.857s] Level 1:colcon.colcon_core.environment:checking '/home/riplab/GIT/lidar_ws/src/rf2o_laser_odometry/install/rf2o_laser_odometry/lib/python3.12/site-packages'
[6.858s] Level 1:colcon.colcon_core.environment:checking '/home/riplab/GIT/lidar_ws/src/rf2o_laser_odometry/install/rf2o_laser_odometry/bin'
[6.858s] INFO:colcon.colcon_core.shell:Creating package descriptor '/home/riplab/GIT/lidar_ws/src/rf2o_laser_odometry/install/rf2o_laser_odometry/share/rf2o_laser_odometry/package.dsv'
[6.858s] INFO:colcon.colcon_core.shell:Creating package script '/home/riplab/GIT/lidar_ws/src/rf2o_laser_odometry/install/rf2o_laser_odometry/share/rf2o_laser_odometry/package.sh'
[6.859s] INFO:colcon.colcon_core.shell:Creating package script '/home/riplab/GIT/lidar_ws/src/rf2o_laser_odometry/install/rf2o_laser_odometry/share/rf2o_laser_odometry/package.bash'
[6.859s] INFO:colcon.colcon_core.shell:Creating package script '/home/riplab/GIT/lidar_ws/src/rf2o_laser_odometry/install/rf2o_laser_odometry/share/rf2o_laser_odometry/package.zsh'
[6.860s] Level 1:colcon.colcon_core.environment:create_file_with_runtime_dependencies(/home/riplab/GIT/lidar_ws/src/rf2o_laser_odometry/install/rf2o_laser_odometry/share/colcon-core/packages/rf2o_laser_odometry)
[6.870s] DEBUG:colcon.colcon_parallel_executor.executor.parallel:closing loop
[6.870s] DEBUG:colcon.colcon_parallel_executor.executor.parallel:loop closed
[6.870s] DEBUG:colcon.colcon_parallel_executor.executor.parallel:run_until_complete finished with '2'
[6.870s] DEBUG:colcon.colcon_core.event_reactor:joining thread
[6.884s] INFO:colcon.colcon_core.plugin_system:Skipping extension 'colcon_notification.desktop_notification.terminal_notifier': Not used on non-Darwin systems
[6.884s] INFO:colcon.colcon_core.plugin_system:Skipping extension 'colcon_notification.desktop_notification.win32': Not used on non-Windows systems
[6.884s] INFO:colcon.colcon_notification.desktop_notification:Sending desktop notification using 'notify2'
[6.895s] DEBUG:colcon.colcon_core.event_reactor:joined thread
[6.895s] INFO:colcon.colcon_core.shell:Creating prefix script '/home/riplab/GIT/lidar_ws/src/rf2o_laser_odometry/install/local_setup.sh'
[6.896s] INFO:colcon.colcon_core.shell:Creating prefix util module '/home/riplab/GIT/lidar_ws/src/rf2o_laser_odometry/install/_local_setup_util_sh.py'
[6.897s] INFO:colcon.colcon_core.shell:Creating prefix chain script '/home/riplab/GIT/lidar_ws/src/rf2o_laser_odometry/install/setup.sh'
[6.897s] INFO:colcon.colcon_core.shell:Creating prefix script '/home/riplab/GIT/lidar_ws/src/rf2o_laser_odometry/install/local_setup.bash'
[6.898s] INFO:colcon.colcon_core.shell:Creating prefix chain script '/home/riplab/GIT/lidar_ws/src/rf2o_laser_odometry/install/setup.bash'
[6.898s] INFO:colcon.colcon_core.shell:Creating prefix script '/home/riplab/GIT/lidar_ws/src/rf2o_laser_odometry/install/local_setup.zsh'
[6.899s] INFO:colcon.colcon_core.shell:Creating prefix chain script '/home/riplab/GIT/lidar_ws/src/rf2o_laser_odometry/install/setup.zsh'
